{"/Volumes/workplace/mfkin_analyser_frontend/src/app/api.js": {"path":"/Volumes/workplace/mfkin_analyser_frontend/src/app/api.js","all":false,"statementMap":{"0":{"start":{"line":1,"column":0},"end":{"line":1,"column":26}},"1":{"start":{"line":2,"column":0},"end":{"line":2,"column":0}},"2":{"start":{"line":3,"column":0},"end":{"line":3,"column":56}},"3":{"start":{"line":4,"column":0},"end":{"line":4,"column":74}},"4":{"start":{"line":5,"column":0},"end":{"line":5,"column":70}},"5":{"start":{"line":6,"column":0},"end":{"line":6,"column":0}},"6":{"start":{"line":7,"column":0},"end":{"line":7,"column":64}},"7":{"start":{"line":8,"column":0},"end":{"line":8,"column":26}},"8":{"start":{"line":9,"column":0},"end":{"line":9,"column":20}},"9":{"start":{"line":10,"column":0},"end":{"line":10,"column":18}},"10":{"start":{"line":11,"column":0},"end":{"line":11,"column":3}},"11":{"start":{"line":12,"column":0},"end":{"line":12,"column":0}},"12":{"start":{"line":13,"column":0},"end":{"line":13,"column":34}},"13":{"start":{"line":14,"column":0},"end":{"line":14,"column":43}},"14":{"start":{"line":15,"column":0},"end":{"line":15,"column":23}},"15":{"start":{"line":16,"column":0},"end":{"line":16,"column":59}},"16":{"start":{"line":17,"column":0},"end":{"line":17,"column":5}},"17":{"start":{"line":18,"column":0},"end":{"line":18,"column":0}},"18":{"start":{"line":19,"column":0},"end":{"line":19,"column":43}},"19":{"start":{"line":20,"column":0},"end":{"line":20,"column":47}},"20":{"start":{"line":21,"column":0},"end":{"line":21,"column":55}},"21":{"start":{"line":22,"column":0},"end":{"line":22,"column":0}},"22":{"start":{"line":23,"column":0},"end":{"line":23,"column":55}},"23":{"start":{"line":24,"column":0},"end":{"line":24,"column":87}},"24":{"start":{"line":25,"column":0},"end":{"line":25,"column":0}},"25":{"start":{"line":26,"column":0},"end":{"line":26,"column":56}},"26":{"start":{"line":27,"column":0},"end":{"line":27,"column":100}},"27":{"start":{"line":28,"column":0},"end":{"line":28,"column":0}},"28":{"start":{"line":29,"column":0},"end":{"line":29,"column":19}}},"s":{"0":1,"1":1,"2":1,"3":1,"4":1,"5":1,"6":1,"7":1,"8":1,"9":1,"10":1,"11":1,"12":1,"13":1,"14":3,"15":3,"16":1,"17":1,"18":1,"19":1,"20":1,"21":1,"22":1,"23":1,"24":1,"25":1,"26":1,"27":1,"28":1},"branchMap":{"0":{"type":"branch","line":4,"loc":{"start":{"line":4,"column":26},"end":{"line":4,"column":73}},"locations":[{"start":{"line":4,"column":26},"end":{"line":4,"column":73}}]},"1":{"type":"branch","line":4,"loc":{"start":{"line":4,"column":47},"end":{"line":4,"column":73}},"locations":[{"start":{"line":4,"column":47},"end":{"line":4,"column":73}}]},"2":{"type":"branch","line":14,"loc":{"start":{"line":14,"column":26},"end":{"line":17,"column":4}},"locations":[{"start":{"line":14,"column":26},"end":{"line":17,"column":4}}]},"3":{"type":"branch","line":16,"loc":{"start":{"line":16,"column":30},"end":{"line":16,"column":53}},"locations":[{"start":{"line":16,"column":30},"end":{"line":16,"column":53}}]},"4":{"type":"branch","line":16,"loc":{"start":{"line":16,"column":54},"end":{"line":16,"column":58}},"locations":[{"start":{"line":16,"column":54},"end":{"line":16,"column":58}}]},"5":{"type":"branch","line":20,"loc":{"start":{"line":20,"column":32},"end":{"line":21,"column":54}},"locations":[{"start":{"line":20,"column":32},"end":{"line":21,"column":54}}]},"6":{"type":"branch","line":24,"loc":{"start":{"line":24,"column":30},"end":{"line":24,"column":86}},"locations":[{"start":{"line":24,"column":30},"end":{"line":24,"column":86}}]},"7":{"type":"branch","line":27,"loc":{"start":{"line":27,"column":36},"end":{"line":27,"column":99}},"locations":[{"start":{"line":27,"column":36},"end":{"line":27,"column":99}}]}},"b":{"0":[9],"1":[2],"2":[3],"3":[1],"4":[2],"5":[3],"6":[3],"7":[3]},"fnMap":{"0":{"name":"getApiBase","decl":{"start":{"line":4,"column":26},"end":{"line":4,"column":73}},"loc":{"start":{"line":4,"column":26},"end":{"line":4,"column":73}},"line":4},"1":{"name":"getSectors","decl":{"start":{"line":14,"column":26},"end":{"line":17,"column":4}},"loc":{"start":{"line":14,"column":26},"end":{"line":17,"column":4}},"line":14},"2":{"name":"getSectorRanking","decl":{"start":{"line":20,"column":32},"end":{"line":21,"column":54}},"loc":{"start":{"line":20,"column":32},"end":{"line":21,"column":54}},"line":20},"3":{"name":"getFundDetails","decl":{"start":{"line":24,"column":30},"end":{"line":24,"column":86}},"loc":{"start":{"line":24,"column":30},"end":{"line":24,"column":86}},"line":24},"4":{"name":"getFundSectorRanking","decl":{"start":{"line":27,"column":36},"end":{"line":27,"column":99}},"loc":{"start":{"line":27,"column":36},"end":{"line":27,"column":99}},"line":27}},"f":{"0":9,"1":3,"2":3,"3":3,"4":3}}
,"/Volumes/workplace/mfkin_analyser_frontend/src/app/store.js": {"path":"/Volumes/workplace/mfkin_analyser_frontend/src/app/store.js","all":false,"statementMap":{"0":{"start":{"line":1,"column":0},"end":{"line":1,"column":94}},"1":{"start":{"line":2,"column":0},"end":{"line":2,"column":66}},"2":{"start":{"line":3,"column":0},"end":{"line":3,"column":60}},"3":{"start":{"line":4,"column":0},"end":{"line":4,"column":61}},"4":{"start":{"line":5,"column":0},"end":{"line":5,"column":0}},"5":{"start":{"line":6,"column":0},"end":{"line":6,"column":64}},"6":{"start":{"line":7,"column":0},"end":{"line":7,"column":37}},"7":{"start":{"line":8,"column":0},"end":{"line":8,"column":12}},"8":{"start":{"line":9,"column":0},"end":{"line":9,"column":28}},"9":{"start":{"line":10,"column":0},"end":{"line":10,"column":24}},"10":{"start":{"line":11,"column":0},"end":{"line":11,"column":24}},"11":{"start":{"line":12,"column":0},"end":{"line":12,"column":4}},"12":{"start":{"line":13,"column":0},"end":{"line":13,"column":3}}},"s":{"0":1,"1":1,"2":1,"3":1,"4":1,"5":1,"6":1,"7":1,"8":1,"9":1,"10":1,"11":1,"12":1},"branchMap":{},"b":{},"fnMap":{},"f":{}}
,"/Volumes/workplace/mfkin_analyser_frontend/src/components/AppPreloader.jsx": {"path":"/Volumes/workplace/mfkin_analyser_frontend/src/components/AppPreloader.jsx","all":false,"statementMap":{"0":{"start":{"line":1,"column":0},"end":{"line":1,"column":60}},"1":{"start":{"line":2,"column":0},"end":{"line":2,"column":71}},"2":{"start":{"line":3,"column":0},"end":{"line":3,"column":56}},"3":{"start":{"line":4,"column":0},"end":{"line":4,"column":0}},"4":{"start":{"line":5,"column":0},"end":{"line":5,"column":54}},"5":{"start":{"line":6,"column":0},"end":{"line":6,"column":33}},"6":{"start":{"line":7,"column":0},"end":{"line":7,"column":43}},"7":{"start":{"line":8,"column":0},"end":{"line":8,"column":46}},"8":{"start":{"line":9,"column":0},"end":{"line":9,"column":47}},"9":{"start":{"line":10,"column":0},"end":{"line":10,"column":47}},"10":{"start":{"line":11,"column":0},"end":{"line":11,"column":28}},"11":{"start":{"line":12,"column":0},"end":{"line":12,"column":16}},"12":{"start":{"line":13,"column":0},"end":{"line":13,"column":15}},"13":{"start":{"line":14,"column":0},"end":{"line":14,"column":64}},"14":{"start":{"line":15,"column":0},"end":{"line":15,"column":65}},"15":{"start":{"line":16,"column":0},"end":{"line":16,"column":33}},"16":{"start":{"line":17,"column":0},"end":{"line":17,"column":25}},"17":{"start":{"line":18,"column":0},"end":{"line":18,"column":16}},"18":{"start":{"line":19,"column":0},"end":{"line":19,"column":14}},"19":{"start":{"line":20,"column":0},"end":{"line":20,"column":13}},"20":{"start":{"line":21,"column":0},"end":{"line":21,"column":96}},"21":{"start":{"line":22,"column":0},"end":{"line":22,"column":21}},"22":{"start":{"line":23,"column":0},"end":{"line":23,"column":23}},"23":{"start":{"line":24,"column":0},"end":{"line":24,"column":28}},"24":{"start":{"line":25,"column":0},"end":{"line":25,"column":14}},"25":{"start":{"line":26,"column":0},"end":{"line":26,"column":49}},"26":{"start":{"line":27,"column":0},"end":{"line":27,"column":51}},"27":{"start":{"line":28,"column":0},"end":{"line":28,"column":16}},"28":{"start":{"line":29,"column":0},"end":{"line":29,"column":25}},"29":{"start":{"line":30,"column":0},"end":{"line":30,"column":54}},"30":{"start":{"line":31,"column":0},"end":{"line":31,"column":44}},"31":{"start":{"line":32,"column":0},"end":{"line":32,"column":14}},"32":{"start":{"line":33,"column":0},"end":{"line":33,"column":13}},"33":{"start":{"line":34,"column":0},"end":{"line":34,"column":14}},"34":{"start":{"line":35,"column":0},"end":{"line":35,"column":12}},"35":{"start":{"line":36,"column":0},"end":{"line":36,"column":12}},"36":{"start":{"line":37,"column":0},"end":{"line":37,"column":8}},"37":{"start":{"line":38,"column":0},"end":{"line":38,"column":2}},"38":{"start":{"line":39,"column":0},"end":{"line":39,"column":0}},"39":{"start":{"line":40,"column":0},"end":{"line":40,"column":28}}},"s":{"0":1,"1":1,"2":1,"3":1,"4":1,"5":5,"6":5,"7":5,"8":5,"9":5,"10":5,"11":5,"12":5,"13":5,"14":5,"15":5,"16":5,"17":5,"18":5,"19":5,"20":5,"21":5,"22":5,"23":5,"24":5,"25":5,"26":5,"27":20,"28":20,"29":20,"30":20,"31":20,"32":5,"33":5,"34":5,"35":5,"36":5,"37":1,"38":1,"39":1},"branchMap":{"0":{"type":"branch","line":5,"loc":{"start":{"line":5,"column":21},"end":{"line":37,"column":8}},"locations":[{"start":{"line":5,"column":21},"end":{"line":37,"column":8}}]},"1":{"type":"branch","line":27,"loc":{"start":{"line":27,"column":32},"end":{"line":32,"column":14}},"locations":[{"start":{"line":27,"column":32},"end":{"line":32,"column":14}}]}},"b":{"0":[5],"1":[20]},"fnMap":{"0":{"name":"AppPreloader","decl":{"start":{"line":5,"column":21},"end":{"line":37,"column":8}},"loc":{"start":{"line":5,"column":21},"end":{"line":37,"column":8}},"line":5}},"f":{"0":5}}
,"/Volumes/workplace/mfkin_analyser_frontend/src/components/RankingTable.jsx": {"path":"/Volumes/workplace/mfkin_analyser_frontend/src/components/RankingTable.jsx","all":false,"statementMap":{"0":{"start":{"line":1,"column":0},"end":{"line":1,"column":53}},"1":{"start":{"line":2,"column":0},"end":{"line":2,"column":8}},"2":{"start":{"line":3,"column":0},"end":{"line":3,"column":6}},"3":{"start":{"line":4,"column":0},"end":{"line":4,"column":7}},"4":{"start":{"line":5,"column":0},"end":{"line":5,"column":8}},"5":{"start":{"line":6,"column":0},"end":{"line":6,"column":8}},"6":{"start":{"line":7,"column":0},"end":{"line":7,"column":12}},"7":{"start":{"line":8,"column":0},"end":{"line":8,"column":12}},"8":{"start":{"line":9,"column":0},"end":{"line":9,"column":17}},"9":{"start":{"line":10,"column":0},"end":{"line":10,"column":12}},"10":{"start":{"line":11,"column":0},"end":{"line":11,"column":11}},"11":{"start":{"line":12,"column":0},"end":{"line":12,"column":17}},"12":{"start":{"line":13,"column":0},"end":{"line":13,"column":18}},"13":{"start":{"line":14,"column":0},"end":{"line":14,"column":10}},"14":{"start":{"line":15,"column":0},"end":{"line":15,"column":13}},"15":{"start":{"line":16,"column":0},"end":{"line":16,"column":23}},"16":{"start":{"line":17,"column":0},"end":{"line":17,"column":0}},"17":{"start":{"line":18,"column":0},"end":{"line":18,"column":58}},"18":{"start":{"line":19,"column":0},"end":{"line":19,"column":31}},"19":{"start":{"line":20,"column":0},"end":{"line":20,"column":71}},"20":{"start":{"line":21,"column":0},"end":{"line":21,"column":0}},"21":{"start":{"line":22,"column":0},"end":{"line":22,"column":53}},"22":{"start":{"line":23,"column":0},"end":{"line":23,"column":45}},"23":{"start":{"line":24,"column":0},"end":{"line":24,"column":80}},"24":{"start":{"line":25,"column":0},"end":{"line":25,"column":0}},"25":{"start":{"line":26,"column":0},"end":{"line":26,"column":41}},"26":{"start":{"line":27,"column":0},"end":{"line":27,"column":59}},"27":{"start":{"line":28,"column":0},"end":{"line":28,"column":30}},"28":{"start":{"line":29,"column":0},"end":{"line":29,"column":56}},"29":{"start":{"line":30,"column":0},"end":{"line":30,"column":28}},"30":{"start":{"line":31,"column":0},"end":{"line":31,"column":36}},"31":{"start":{"line":32,"column":0},"end":{"line":32,"column":26}},"32":{"start":{"line":33,"column":0},"end":{"line":33,"column":66}},"33":{"start":{"line":34,"column":0},"end":{"line":34,"column":55}},"34":{"start":{"line":35,"column":0},"end":{"line":35,"column":36}},"35":{"start":{"line":36,"column":0},"end":{"line":36,"column":2}},"36":{"start":{"line":37,"column":0},"end":{"line":37,"column":0}},"37":{"start":{"line":38,"column":0},"end":{"line":38,"column":29}},"38":{"start":{"line":39,"column":0},"end":{"line":39,"column":41}},"39":{"start":{"line":40,"column":0},"end":{"line":40,"column":56}},"40":{"start":{"line":41,"column":0},"end":{"line":41,"column":40}},"41":{"start":{"line":42,"column":0},"end":{"line":42,"column":2}},"42":{"start":{"line":43,"column":0},"end":{"line":43,"column":0}},"43":{"start":{"line":44,"column":0},"end":{"line":44,"column":86}},"44":{"start":{"line":45,"column":0},"end":{"line":45,"column":34}},"45":{"start":{"line":46,"column":0},"end":{"line":46,"column":0}},"46":{"start":{"line":47,"column":0},"end":{"line":47,"column":71}},"47":{"start":{"line":48,"column":0},"end":{"line":48,"column":17}},"48":{"start":{"line":49,"column":0},"end":{"line":49,"column":3}},"49":{"start":{"line":50,"column":0},"end":{"line":50,"column":15}},"50":{"start":{"line":51,"column":0},"end":{"line":51,"column":15}},"51":{"start":{"line":52,"column":0},"end":{"line":52,"column":20}},"52":{"start":{"line":53,"column":0},"end":{"line":53,"column":19}},"53":{"start":{"line":54,"column":0},"end":{"line":54,"column":17}},"54":{"start":{"line":55,"column":0},"end":{"line":55,"column":43}},"55":{"start":{"line":56,"column":0},"end":{"line":56,"column":4}},"56":{"start":{"line":57,"column":0},"end":{"line":57,"column":3}},"57":{"start":{"line":58,"column":0},"end":{"line":58,"column":21}},"58":{"start":{"line":59,"column":0},"end":{"line":59,"column":23}},"59":{"start":{"line":60,"column":0},"end":{"line":60,"column":18}},"60":{"start":{"line":61,"column":0},"end":{"line":61,"column":19}},"61":{"start":{"line":62,"column":0},"end":{"line":62,"column":17}},"62":{"start":{"line":63,"column":0},"end":{"line":63,"column":43}},"63":{"start":{"line":64,"column":0},"end":{"line":64,"column":4}},"64":{"start":{"line":65,"column":0},"end":{"line":65,"column":3}},"65":{"start":{"line":66,"column":0},"end":{"line":66,"column":18}},"66":{"start":{"line":67,"column":0},"end":{"line":67,"column":20}},"67":{"start":{"line":68,"column":0},"end":{"line":68,"column":19}},"68":{"start":{"line":69,"column":0},"end":{"line":69,"column":19}},"69":{"start":{"line":70,"column":0},"end":{"line":70,"column":17}},"70":{"start":{"line":71,"column":0},"end":{"line":71,"column":45}},"71":{"start":{"line":72,"column":0},"end":{"line":72,"column":4}},"72":{"start":{"line":73,"column":0},"end":{"line":73,"column":3}},"73":{"start":{"line":74,"column":0},"end":{"line":74,"column":14}},"74":{"start":{"line":75,"column":0},"end":{"line":75,"column":17}},"75":{"start":{"line":76,"column":0},"end":{"line":76,"column":19}},"76":{"start":{"line":77,"column":0},"end":{"line":77,"column":19}},"77":{"start":{"line":78,"column":0},"end":{"line":78,"column":17}},"78":{"start":{"line":79,"column":0},"end":{"line":79,"column":42}},"79":{"start":{"line":80,"column":0},"end":{"line":80,"column":23}},"80":{"start":{"line":81,"column":0},"end":{"line":81,"column":4}},"81":{"start":{"line":82,"column":0},"end":{"line":82,"column":3}},"82":{"start":{"line":83,"column":0},"end":{"line":83,"column":19}},"83":{"start":{"line":84,"column":0},"end":{"line":84,"column":20}},"84":{"start":{"line":85,"column":0},"end":{"line":85,"column":20}},"85":{"start":{"line":86,"column":0},"end":{"line":86,"column":20}},"86":{"start":{"line":87,"column":0},"end":{"line":87,"column":45}},"87":{"start":{"line":88,"column":0},"end":{"line":88,"column":4}},"88":{"start":{"line":89,"column":0},"end":{"line":89,"column":3}},"89":{"start":{"line":90,"column":0},"end":{"line":90,"column":23}},"90":{"start":{"line":91,"column":0},"end":{"line":91,"column":21}},"91":{"start":{"line":92,"column":0},"end":{"line":92,"column":19}},"92":{"start":{"line":93,"column":0},"end":{"line":93,"column":19}},"93":{"start":{"line":94,"column":0},"end":{"line":94,"column":46}},"94":{"start":{"line":95,"column":0},"end":{"line":95,"column":32}},"95":{"start":{"line":96,"column":0},"end":{"line":96,"column":4}},"96":{"start":{"line":97,"column":0},"end":{"line":97,"column":3}},"97":{"start":{"line":98,"column":0},"end":{"line":98,"column":19}},"98":{"start":{"line":99,"column":0},"end":{"line":99,"column":22}},"99":{"start":{"line":100,"column":0},"end":{"line":100,"column":20}},"100":{"start":{"line":101,"column":0},"end":{"line":101,"column":19}},"101":{"start":{"line":102,"column":0},"end":{"line":102,"column":47}},"102":{"start":{"line":103,"column":0},"end":{"line":103,"column":28}},"103":{"start":{"line":104,"column":0},"end":{"line":104,"column":4}},"104":{"start":{"line":105,"column":0},"end":{"line":105,"column":3}},"105":{"start":{"line":106,"column":0},"end":{"line":106,"column":18}},"106":{"start":{"line":107,"column":0},"end":{"line":107,"column":17}},"107":{"start":{"line":108,"column":0},"end":{"line":108,"column":19}},"108":{"start":{"line":109,"column":0},"end":{"line":109,"column":19}},"109":{"start":{"line":110,"column":0},"end":{"line":110,"column":41}},"110":{"start":{"line":111,"column":0},"end":{"line":111,"column":27}},"111":{"start":{"line":112,"column":0},"end":{"line":112,"column":4}},"112":{"start":{"line":113,"column":0},"end":{"line":113,"column":3}},"113":{"start":{"line":114,"column":0},"end":{"line":114,"column":18}},"114":{"start":{"line":115,"column":0},"end":{"line":115,"column":17}},"115":{"start":{"line":116,"column":0},"end":{"line":116,"column":19}},"116":{"start":{"line":117,"column":0},"end":{"line":117,"column":19}},"117":{"start":{"line":118,"column":0},"end":{"line":118,"column":41}},"118":{"start":{"line":119,"column":0},"end":{"line":119,"column":27}},"119":{"start":{"line":120,"column":0},"end":{"line":120,"column":4}},"120":{"start":{"line":121,"column":0},"end":{"line":121,"column":3}},"121":{"start":{"line":122,"column":0},"end":{"line":122,"column":24}},"122":{"start":{"line":123,"column":0},"end":{"line":123,"column":21}},"123":{"start":{"line":124,"column":0},"end":{"line":124,"column":19}},"124":{"start":{"line":125,"column":0},"end":{"line":125,"column":19}},"125":{"start":{"line":126,"column":0},"end":{"line":126,"column":47}},"126":{"start":{"line":127,"column":0},"end":{"line":127,"column":33}},"127":{"start":{"line":128,"column":0},"end":{"line":128,"column":4}},"128":{"start":{"line":129,"column":0},"end":{"line":129,"column":3}},"129":{"start":{"line":130,"column":0},"end":{"line":130,"column":24}},"130":{"start":{"line":131,"column":0},"end":{"line":131,"column":22}},"131":{"start":{"line":132,"column":0},"end":{"line":132,"column":19}},"132":{"start":{"line":133,"column":0},"end":{"line":133,"column":19}},"133":{"start":{"line":134,"column":0},"end":{"line":134,"column":47}},"134":{"start":{"line":135,"column":0},"end":{"line":135,"column":33}},"135":{"start":{"line":136,"column":0},"end":{"line":136,"column":4}},"136":{"start":{"line":137,"column":0},"end":{"line":137,"column":3}},"137":{"start":{"line":138,"column":0},"end":{"line":138,"column":22}},"138":{"start":{"line":139,"column":0},"end":{"line":139,"column":20}},"139":{"start":{"line":140,"column":0},"end":{"line":140,"column":19}},"140":{"start":{"line":141,"column":0},"end":{"line":141,"column":19}},"141":{"start":{"line":142,"column":0},"end":{"line":142,"column":45}},"142":{"start":{"line":143,"column":0},"end":{"line":143,"column":31}},"143":{"start":{"line":144,"column":0},"end":{"line":144,"column":4}},"144":{"start":{"line":145,"column":0},"end":{"line":145,"column":3}},"145":{"start":{"line":146,"column":0},"end":{"line":146,"column":16}},"146":{"start":{"line":147,"column":0},"end":{"line":147,"column":19}},"147":{"start":{"line":148,"column":0},"end":{"line":148,"column":19}},"148":{"start":{"line":149,"column":0},"end":{"line":149,"column":19}},"149":{"start":{"line":150,"column":0},"end":{"line":150,"column":44}},"150":{"start":{"line":151,"column":0},"end":{"line":151,"column":25}},"151":{"start":{"line":152,"column":0},"end":{"line":152,"column":4}},"152":{"start":{"line":153,"column":0},"end":{"line":153,"column":3}},"153":{"start":{"line":154,"column":0},"end":{"line":154,"column":15}},"154":{"start":{"line":155,"column":0},"end":{"line":155,"column":18}},"155":{"start":{"line":156,"column":0},"end":{"line":156,"column":19}},"156":{"start":{"line":157,"column":0},"end":{"line":157,"column":19}},"157":{"start":{"line":158,"column":0},"end":{"line":158,"column":43}},"158":{"start":{"line":159,"column":0},"end":{"line":159,"column":24}},"159":{"start":{"line":160,"column":0},"end":{"line":160,"column":4}},"160":{"start":{"line":161,"column":0},"end":{"line":161,"column":3}},"161":{"start":{"line":162,"column":0},"end":{"line":162,"column":17}},"162":{"start":{"line":163,"column":0},"end":{"line":163,"column":21}},"163":{"start":{"line":164,"column":0},"end":{"line":164,"column":19}},"164":{"start":{"line":165,"column":0},"end":{"line":165,"column":19}},"165":{"start":{"line":166,"column":0},"end":{"line":166,"column":45}},"166":{"start":{"line":167,"column":0},"end":{"line":167,"column":37}},"167":{"start":{"line":168,"column":0},"end":{"line":168,"column":4}},"168":{"start":{"line":169,"column":0},"end":{"line":169,"column":3}},"169":{"start":{"line":170,"column":0},"end":{"line":170,"column":23}},"170":{"start":{"line":171,"column":0},"end":{"line":171,"column":21}},"171":{"start":{"line":172,"column":0},"end":{"line":172,"column":19}},"172":{"start":{"line":173,"column":0},"end":{"line":173,"column":19}},"173":{"start":{"line":174,"column":0},"end":{"line":174,"column":46}},"174":{"start":{"line":175,"column":0},"end":{"line":175,"column":32}},"175":{"start":{"line":176,"column":0},"end":{"line":176,"column":4}},"176":{"start":{"line":177,"column":0},"end":{"line":177,"column":3}},"177":{"start":{"line":178,"column":0},"end":{"line":178,"column":23}},"178":{"start":{"line":179,"column":0},"end":{"line":179,"column":21}},"179":{"start":{"line":180,"column":0},"end":{"line":180,"column":19}},"180":{"start":{"line":181,"column":0},"end":{"line":181,"column":19}},"181":{"start":{"line":182,"column":0},"end":{"line":182,"column":46}},"182":{"start":{"line":183,"column":0},"end":{"line":183,"column":32}},"183":{"start":{"line":184,"column":0},"end":{"line":184,"column":4}},"184":{"start":{"line":185,"column":0},"end":{"line":185,"column":3}},"185":{"start":{"line":186,"column":0},"end":{"line":186,"column":21}},"186":{"start":{"line":187,"column":0},"end":{"line":187,"column":18}},"187":{"start":{"line":188,"column":0},"end":{"line":188,"column":20}},"188":{"start":{"line":189,"column":0},"end":{"line":189,"column":19}},"189":{"start":{"line":190,"column":0},"end":{"line":190,"column":43}},"190":{"start":{"line":191,"column":0},"end":{"line":191,"column":30}},"191":{"start":{"line":192,"column":0},"end":{"line":192,"column":4}},"192":{"start":{"line":193,"column":0},"end":{"line":193,"column":3}},"193":{"start":{"line":194,"column":0},"end":{"line":194,"column":24}},"194":{"start":{"line":195,"column":0},"end":{"line":195,"column":23}},"195":{"start":{"line":196,"column":0},"end":{"line":196,"column":20}},"196":{"start":{"line":197,"column":0},"end":{"line":197,"column":19}},"197":{"start":{"line":198,"column":0},"end":{"line":198,"column":48}},"198":{"start":{"line":199,"column":0},"end":{"line":199,"column":33}},"199":{"start":{"line":200,"column":0},"end":{"line":200,"column":4}},"200":{"start":{"line":201,"column":0},"end":{"line":201,"column":2}},"201":{"start":{"line":202,"column":0},"end":{"line":202,"column":0}},"202":{"start":{"line":203,"column":0},"end":{"line":203,"column":71}},"203":{"start":{"line":204,"column":0},"end":{"line":204,"column":41}},"204":{"start":{"line":205,"column":0},"end":{"line":205,"column":56}},"205":{"start":{"line":206,"column":0},"end":{"line":206,"column":28}},"206":{"start":{"line":207,"column":0},"end":{"line":207,"column":45}},"207":{"start":{"line":208,"column":0},"end":{"line":208,"column":3}},"208":{"start":{"line":209,"column":0},"end":{"line":209,"column":23}},"209":{"start":{"line":210,"column":0},"end":{"line":210,"column":2}},"210":{"start":{"line":211,"column":0},"end":{"line":211,"column":0}},"211":{"start":{"line":212,"column":0},"end":{"line":212,"column":60}},"212":{"start":{"line":213,"column":0},"end":{"line":213,"column":56}},"213":{"start":{"line":214,"column":0},"end":{"line":214,"column":40}},"214":{"start":{"line":215,"column":0},"end":{"line":215,"column":40}},"215":{"start":{"line":216,"column":0},"end":{"line":216,"column":45}},"216":{"start":{"line":217,"column":0},"end":{"line":217,"column":29}},"217":{"start":{"line":218,"column":0},"end":{"line":218,"column":30}},"218":{"start":{"line":219,"column":0},"end":{"line":219,"column":92}},"219":{"start":{"line":220,"column":0},"end":{"line":220,"column":29}},"220":{"start":{"line":221,"column":0},"end":{"line":221,"column":28}},"221":{"start":{"line":222,"column":0},"end":{"line":222,"column":11}},"222":{"start":{"line":223,"column":0},"end":{"line":223,"column":2}},"223":{"start":{"line":224,"column":0},"end":{"line":224,"column":0}},"224":{"start":{"line":225,"column":0},"end":{"line":225,"column":46}},"225":{"start":{"line":226,"column":0},"end":{"line":226,"column":41}},"226":{"start":{"line":227,"column":0},"end":{"line":227,"column":18}},"227":{"start":{"line":228,"column":0},"end":{"line":228,"column":51}},"228":{"start":{"line":229,"column":0},"end":{"line":229,"column":53}},"229":{"start":{"line":230,"column":0},"end":{"line":230,"column":0}},"230":{"start":{"line":231,"column":0},"end":{"line":231,"column":58}},"231":{"start":{"line":232,"column":0},"end":{"line":232,"column":44}},"232":{"start":{"line":233,"column":0},"end":{"line":233,"column":49}},"233":{"start":{"line":234,"column":0},"end":{"line":234,"column":38}},"234":{"start":{"line":235,"column":0},"end":{"line":235,"column":54}},"235":{"start":{"line":236,"column":0},"end":{"line":236,"column":0}},"236":{"start":{"line":237,"column":0},"end":{"line":237,"column":53}},"237":{"start":{"line":238,"column":0},"end":{"line":238,"column":63}},"238":{"start":{"line":239,"column":0},"end":{"line":239,"column":0}},"239":{"start":{"line":240,"column":0},"end":{"line":240,"column":62}},"240":{"start":{"line":241,"column":0},"end":{"line":241,"column":0}},"241":{"start":{"line":242,"column":0},"end":{"line":242,"column":46}},"242":{"start":{"line":243,"column":0},"end":{"line":243,"column":53}},"243":{"start":{"line":244,"column":0},"end":{"line":244,"column":15}},"244":{"start":{"line":245,"column":0},"end":{"line":245,"column":4}},"245":{"start":{"line":246,"column":0},"end":{"line":246,"column":0}},"246":{"start":{"line":247,"column":0},"end":{"line":247,"column":44}},"247":{"start":{"line":248,"column":0},"end":{"line":248,"column":36}},"248":{"start":{"line":249,"column":0},"end":{"line":249,"column":58}},"249":{"start":{"line":250,"column":0},"end":{"line":250,"column":37}},"250":{"start":{"line":251,"column":0},"end":{"line":251,"column":25}},"251":{"start":{"line":252,"column":0},"end":{"line":252,"column":15}},"252":{"start":{"line":253,"column":0},"end":{"line":253,"column":4}},"253":{"start":{"line":254,"column":0},"end":{"line":254,"column":0}},"254":{"start":{"line":255,"column":0},"end":{"line":255,"column":29}},"255":{"start":{"line":256,"column":0},"end":{"line":256,"column":60}},"256":{"start":{"line":257,"column":0},"end":{"line":257,"column":30}},"257":{"start":{"line":258,"column":0},"end":{"line":258,"column":4}},"258":{"start":{"line":259,"column":0},"end":{"line":259,"column":0}},"259":{"start":{"line":260,"column":0},"end":{"line":260,"column":32}},"260":{"start":{"line":261,"column":0},"end":{"line":261,"column":37}},"261":{"start":{"line":262,"column":0},"end":{"line":262,"column":42}},"262":{"start":{"line":263,"column":0},"end":{"line":263,"column":82}},"263":{"start":{"line":264,"column":0},"end":{"line":264,"column":53}},"264":{"start":{"line":265,"column":0},"end":{"line":265,"column":0}},"265":{"start":{"line":266,"column":0},"end":{"line":266,"column":42}},"266":{"start":{"line":267,"column":0},"end":{"line":267,"column":49}},"267":{"start":{"line":268,"column":0},"end":{"line":268,"column":0}},"268":{"start":{"line":269,"column":0},"end":{"line":269,"column":42}},"269":{"start":{"line":270,"column":0},"end":{"line":270,"column":37}},"270":{"start":{"line":271,"column":0},"end":{"line":271,"column":60}},"271":{"start":{"line":272,"column":0},"end":{"line":272,"column":60}},"272":{"start":{"line":273,"column":0},"end":{"line":273,"column":14}},"273":{"start":{"line":274,"column":0},"end":{"line":274,"column":4}},"274":{"start":{"line":275,"column":0},"end":{"line":275,"column":0}},"275":{"start":{"line":276,"column":0},"end":{"line":276,"column":41}},"276":{"start":{"line":277,"column":0},"end":{"line":277,"column":36}},"277":{"start":{"line":278,"column":0},"end":{"line":278,"column":59}},"278":{"start":{"line":279,"column":0},"end":{"line":279,"column":59}},"279":{"start":{"line":280,"column":0},"end":{"line":280,"column":14}},"280":{"start":{"line":281,"column":0},"end":{"line":281,"column":4}},"281":{"start":{"line":282,"column":0},"end":{"line":282,"column":0}},"282":{"start":{"line":283,"column":0},"end":{"line":283,"column":10}},"283":{"start":{"line":284,"column":0},"end":{"line":284,"column":51}},"284":{"start":{"line":285,"column":0},"end":{"line":285,"column":45}},"285":{"start":{"line":286,"column":0},"end":{"line":286,"column":13}},"286":{"start":{"line":287,"column":0},"end":{"line":287,"column":60}},"287":{"start":{"line":288,"column":0},"end":{"line":288,"column":63}},"288":{"start":{"line":289,"column":0},"end":{"line":289,"column":67}},"289":{"start":{"line":290,"column":0},"end":{"line":290,"column":99}},"290":{"start":{"line":291,"column":0},"end":{"line":291,"column":23}},"291":{"start":{"line":292,"column":0},"end":{"line":292,"column":14}},"292":{"start":{"line":293,"column":0},"end":{"line":293,"column":64}},"293":{"start":{"line":294,"column":0},"end":{"line":294,"column":12}},"294":{"start":{"line":295,"column":0},"end":{"line":295,"column":0}},"295":{"start":{"line":296,"column":0},"end":{"line":296,"column":25}},"296":{"start":{"line":297,"column":0},"end":{"line":297,"column":24}},"297":{"start":{"line":298,"column":0},"end":{"line":298,"column":25}},"298":{"start":{"line":299,"column":0},"end":{"line":299,"column":33}},"299":{"start":{"line":300,"column":0},"end":{"line":300,"column":21}},"300":{"start":{"line":301,"column":0},"end":{"line":301,"column":41}},"301":{"start":{"line":302,"column":0},"end":{"line":302,"column":35}},"302":{"start":{"line":303,"column":0},"end":{"line":303,"column":55}},"303":{"start":{"line":304,"column":0},"end":{"line":304,"column":50}},"304":{"start":{"line":305,"column":0},"end":{"line":305,"column":47}},"305":{"start":{"line":306,"column":0},"end":{"line":306,"column":10}},"306":{"start":{"line":307,"column":0},"end":{"line":307,"column":8}},"307":{"start":{"line":308,"column":0},"end":{"line":308,"column":0}},"308":{"start":{"line":309,"column":0},"end":{"line":309,"column":21}},"309":{"start":{"line":310,"column":0},"end":{"line":310,"column":138}},"310":{"start":{"line":311,"column":0},"end":{"line":311,"column":7}},"311":{"start":{"line":312,"column":0},"end":{"line":312,"column":74}},"312":{"start":{"line":313,"column":0},"end":{"line":313,"column":53}},"313":{"start":{"line":314,"column":0},"end":{"line":314,"column":22}},"314":{"start":{"line":315,"column":0},"end":{"line":315,"column":37}},"315":{"start":{"line":316,"column":0},"end":{"line":316,"column":26}},"316":{"start":{"line":317,"column":0},"end":{"line":317,"column":30}},"317":{"start":{"line":318,"column":0},"end":{"line":318,"column":35}},"318":{"start":{"line":319,"column":0},"end":{"line":319,"column":154}},"319":{"start":{"line":320,"column":0},"end":{"line":320,"column":68}},"320":{"start":{"line":321,"column":0},"end":{"line":321,"column":17}},"321":{"start":{"line":322,"column":0},"end":{"line":322,"column":35}},"322":{"start":{"line":323,"column":0},"end":{"line":323,"column":35}},"323":{"start":{"line":324,"column":0},"end":{"line":324,"column":49}},"324":{"start":{"line":325,"column":0},"end":{"line":325,"column":68}},"325":{"start":{"line":326,"column":0},"end":{"line":326,"column":56}},"326":{"start":{"line":327,"column":0},"end":{"line":327,"column":21}},"327":{"start":{"line":328,"column":0},"end":{"line":328,"column":33}},"328":{"start":{"line":329,"column":0},"end":{"line":329,"column":37}},"329":{"start":{"line":330,"column":0},"end":{"line":330,"column":23}},"330":{"start":{"line":331,"column":0},"end":{"line":331,"column":29}},"331":{"start":{"line":332,"column":0},"end":{"line":332,"column":20}},"332":{"start":{"line":333,"column":0},"end":{"line":333,"column":28}},"333":{"start":{"line":334,"column":0},"end":{"line":334,"column":17}},"334":{"start":{"line":335,"column":0},"end":{"line":335,"column":23}},"335":{"start":{"line":336,"column":0},"end":{"line":336,"column":22}},"336":{"start":{"line":337,"column":0},"end":{"line":337,"column":21}},"337":{"start":{"line":338,"column":0},"end":{"line":338,"column":39}},"338":{"start":{"line":339,"column":0},"end":{"line":339,"column":42}},"339":{"start":{"line":340,"column":0},"end":{"line":340,"column":43}},"340":{"start":{"line":341,"column":0},"end":{"line":341,"column":93}},"341":{"start":{"line":342,"column":0},"end":{"line":342,"column":100}},"342":{"start":{"line":343,"column":0},"end":{"line":343,"column":0}},"343":{"start":{"line":344,"column":0},"end":{"line":344,"column":22}},"344":{"start":{"line":345,"column":0},"end":{"line":345,"column":85}},"345":{"start":{"line":346,"column":0},"end":{"line":346,"column":28}},"346":{"start":{"line":347,"column":0},"end":{"line":347,"column":34}},"347":{"start":{"line":348,"column":0},"end":{"line":348,"column":108}},"348":{"start":{"line":349,"column":0},"end":{"line":349,"column":19}},"349":{"start":{"line":350,"column":0},"end":{"line":350,"column":31}},"350":{"start":{"line":351,"column":0},"end":{"line":351,"column":97}},"351":{"start":{"line":352,"column":0},"end":{"line":352,"column":25}},"352":{"start":{"line":353,"column":0},"end":{"line":353,"column":30}},"353":{"start":{"line":354,"column":0},"end":{"line":354,"column":22}},"354":{"start":{"line":355,"column":0},"end":{"line":355,"column":30}},"355":{"start":{"line":356,"column":0},"end":{"line":356,"column":28}},"356":{"start":{"line":357,"column":0},"end":{"line":357,"column":108}},"357":{"start":{"line":358,"column":0},"end":{"line":358,"column":19}},"358":{"start":{"line":359,"column":0},"end":{"line":359,"column":28}},"359":{"start":{"line":360,"column":0},"end":{"line":360,"column":94}},"360":{"start":{"line":361,"column":0},"end":{"line":361,"column":43}},"361":{"start":{"line":362,"column":0},"end":{"line":362,"column":21}},"362":{"start":{"line":363,"column":0},"end":{"line":363,"column":27}},"363":{"start":{"line":364,"column":0},"end":{"line":364,"column":89}},"364":{"start":{"line":365,"column":0},"end":{"line":365,"column":42}},"365":{"start":{"line":366,"column":0},"end":{"line":366,"column":37}},"366":{"start":{"line":367,"column":0},"end":{"line":367,"column":43}},"367":{"start":{"line":368,"column":0},"end":{"line":368,"column":37}},"368":{"start":{"line":369,"column":0},"end":{"line":369,"column":45}},"369":{"start":{"line":370,"column":0},"end":{"line":370,"column":50}},"370":{"start":{"line":371,"column":0},"end":{"line":371,"column":67}},"371":{"start":{"line":372,"column":0},"end":{"line":372,"column":27}},"372":{"start":{"line":373,"column":0},"end":{"line":373,"column":43}},"373":{"start":{"line":374,"column":0},"end":{"line":374,"column":39}},"374":{"start":{"line":375,"column":0},"end":{"line":375,"column":26}},"375":{"start":{"line":376,"column":0},"end":{"line":376,"column":28}},"376":{"start":{"line":377,"column":0},"end":{"line":377,"column":30}},"377":{"start":{"line":378,"column":0},"end":{"line":378,"column":30}},"378":{"start":{"line":379,"column":0},"end":{"line":379,"column":28}},"379":{"start":{"line":380,"column":0},"end":{"line":380,"column":33}},"380":{"start":{"line":381,"column":0},"end":{"line":381,"column":141}},"381":{"start":{"line":382,"column":0},"end":{"line":382,"column":19}},"382":{"start":{"line":383,"column":0},"end":{"line":383,"column":47}},"383":{"start":{"line":384,"column":0},"end":{"line":384,"column":30}},"384":{"start":{"line":385,"column":0},"end":{"line":385,"column":28}},"385":{"start":{"line":386,"column":0},"end":{"line":386,"column":33}},"386":{"start":{"line":387,"column":0},"end":{"line":387,"column":107}},"387":{"start":{"line":388,"column":0},"end":{"line":388,"column":19}},"388":{"start":{"line":389,"column":0},"end":{"line":389,"column":38}},"389":{"start":{"line":390,"column":0},"end":{"line":390,"column":30}},"390":{"start":{"line":391,"column":0},"end":{"line":391,"column":44}},"391":{"start":{"line":392,"column":0},"end":{"line":392,"column":25}},"392":{"start":{"line":393,"column":0},"end":{"line":393,"column":66}},"393":{"start":{"line":394,"column":0},"end":{"line":394,"column":34}},"394":{"start":{"line":395,"column":0},"end":{"line":395,"column":158}},"395":{"start":{"line":396,"column":0},"end":{"line":396,"column":22}},"396":{"start":{"line":397,"column":0},"end":{"line":397,"column":30}},"397":{"start":{"line":398,"column":0},"end":{"line":398,"column":43}},"398":{"start":{"line":399,"column":0},"end":{"line":399,"column":82}},"399":{"start":{"line":400,"column":0},"end":{"line":400,"column":30}},"400":{"start":{"line":401,"column":0},"end":{"line":401,"column":44}},"401":{"start":{"line":402,"column":0},"end":{"line":402,"column":57}},"402":{"start":{"line":403,"column":0},"end":{"line":403,"column":41}},"403":{"start":{"line":404,"column":0},"end":{"line":404,"column":33}},"404":{"start":{"line":405,"column":0},"end":{"line":405,"column":30}},"405":{"start":{"line":406,"column":0},"end":{"line":406,"column":83}},"406":{"start":{"line":407,"column":0},"end":{"line":407,"column":83}},"407":{"start":{"line":408,"column":0},"end":{"line":408,"column":43}},"408":{"start":{"line":409,"column":0},"end":{"line":409,"column":84}},"409":{"start":{"line":410,"column":0},"end":{"line":410,"column":30}},"410":{"start":{"line":411,"column":0},"end":{"line":411,"column":89}},"411":{"start":{"line":412,"column":0},"end":{"line":412,"column":43}},"412":{"start":{"line":413,"column":0},"end":{"line":413,"column":50}},"413":{"start":{"line":414,"column":0},"end":{"line":414,"column":67}},"414":{"start":{"line":415,"column":0},"end":{"line":415,"column":30}},"415":{"start":{"line":416,"column":0},"end":{"line":416,"column":30}},"416":{"start":{"line":417,"column":0},"end":{"line":417,"column":43}},"417":{"start":{"line":418,"column":0},"end":{"line":418,"column":43}},"418":{"start":{"line":419,"column":0},"end":{"line":419,"column":96}},"419":{"start":{"line":420,"column":0},"end":{"line":420,"column":30}},"420":{"start":{"line":421,"column":0},"end":{"line":421,"column":30}},"421":{"start":{"line":422,"column":0},"end":{"line":422,"column":43}},"422":{"start":{"line":423,"column":0},"end":{"line":423,"column":42}},"423":{"start":{"line":424,"column":0},"end":{"line":424,"column":60}},"424":{"start":{"line":425,"column":0},"end":{"line":425,"column":30}},"425":{"start":{"line":426,"column":0},"end":{"line":426,"column":30}},"426":{"start":{"line":427,"column":0},"end":{"line":427,"column":43}},"427":{"start":{"line":428,"column":0},"end":{"line":428,"column":56}},"428":{"start":{"line":429,"column":0},"end":{"line":429,"column":73}},"429":{"start":{"line":430,"column":0},"end":{"line":430,"column":30}},"430":{"start":{"line":431,"column":0},"end":{"line":431,"column":30}},"431":{"start":{"line":432,"column":0},"end":{"line":432,"column":43}},"432":{"start":{"line":433,"column":0},"end":{"line":433,"column":51}},"433":{"start":{"line":434,"column":0},"end":{"line":434,"column":68}},"434":{"start":{"line":435,"column":0},"end":{"line":435,"column":30}},"435":{"start":{"line":436,"column":0},"end":{"line":436,"column":30}},"436":{"start":{"line":437,"column":0},"end":{"line":437,"column":43}},"437":{"start":{"line":438,"column":0},"end":{"line":438,"column":51}},"438":{"start":{"line":439,"column":0},"end":{"line":439,"column":68}},"439":{"start":{"line":440,"column":0},"end":{"line":440,"column":30}},"440":{"start":{"line":441,"column":0},"end":{"line":441,"column":30}},"441":{"start":{"line":442,"column":0},"end":{"line":442,"column":44}},"442":{"start":{"line":443,"column":0},"end":{"line":443,"column":57}},"443":{"start":{"line":444,"column":0},"end":{"line":444,"column":43}},"444":{"start":{"line":445,"column":0},"end":{"line":445,"column":33}},"445":{"start":{"line":446,"column":0},"end":{"line":446,"column":30}},"446":{"start":{"line":447,"column":0},"end":{"line":447,"column":44}},"447":{"start":{"line":448,"column":0},"end":{"line":448,"column":57}},"448":{"start":{"line":449,"column":0},"end":{"line":449,"column":46}},"449":{"start":{"line":450,"column":0},"end":{"line":450,"column":33}},"450":{"start":{"line":451,"column":0},"end":{"line":451,"column":30}},"451":{"start":{"line":452,"column":0},"end":{"line":452,"column":27}},"452":{"start":{"line":453,"column":0},"end":{"line":453,"column":16}},"453":{"start":{"line":454,"column":0},"end":{"line":454,"column":15}},"454":{"start":{"line":455,"column":0},"end":{"line":455,"column":22}},"455":{"start":{"line":456,"column":0},"end":{"line":456,"column":16}},"456":{"start":{"line":457,"column":0},"end":{"line":457,"column":23}},"457":{"start":{"line":458,"column":0},"end":{"line":458,"column":0}},"458":{"start":{"line":459,"column":0},"end":{"line":459,"column":25}},"459":{"start":{"line":460,"column":0},"end":{"line":460,"column":24}},"460":{"start":{"line":461,"column":0},"end":{"line":461,"column":25}},"461":{"start":{"line":462,"column":0},"end":{"line":462,"column":33}},"462":{"start":{"line":463,"column":0},"end":{"line":463,"column":21}},"463":{"start":{"line":464,"column":0},"end":{"line":464,"column":41}},"464":{"start":{"line":465,"column":0},"end":{"line":465,"column":35}},"465":{"start":{"line":466,"column":0},"end":{"line":466,"column":55}},"466":{"start":{"line":467,"column":0},"end":{"line":467,"column":50}},"467":{"start":{"line":468,"column":0},"end":{"line":468,"column":10}},"468":{"start":{"line":469,"column":0},"end":{"line":469,"column":8}},"469":{"start":{"line":470,"column":0},"end":{"line":470,"column":0}},"470":{"start":{"line":471,"column":0},"end":{"line":471,"column":16}},"471":{"start":{"line":472,"column":0},"end":{"line":472,"column":93}},"472":{"start":{"line":473,"column":0},"end":{"line":473,"column":16}},"473":{"start":{"line":474,"column":0},"end":{"line":474,"column":21}},"474":{"start":{"line":475,"column":0},"end":{"line":475,"column":8}},"475":{"start":{"line":476,"column":0},"end":{"line":476,"column":12}},"476":{"start":{"line":477,"column":0},"end":{"line":477,"column":4}},"477":{"start":{"line":478,"column":0},"end":{"line":478,"column":2}},"478":{"start":{"line":479,"column":0},"end":{"line":479,"column":0}},"479":{"start":{"line":480,"column":0},"end":{"line":480,"column":28}}},"s":{"0":1,"1":1,"2":1,"3":1,"4":1,"5":1,"6":1,"7":1,"8":1,"9":1,"10":1,"11":1,"12":1,"13":1,"14":1,"15":1,"16":1,"17":1,"18":1,"19":1368,"20":1,"21":1,"22":1,"23":12312,"24":1,"25":1,"26":1,"27":1,"28":1368,"29":115,"30":1368,"31":114,"32":1368,"33":1368,"34":48,"35":48,"36":1,"37":1,"38":1,"39":163,"40":161,"41":161,"42":1,"43":1,"44":1,"45":1,"46":1,"47":1,"48":1,"49":1,"50":1,"51":1,"52":1,"53":1,"54":1,"55":1,"56":1,"57":1,"58":1,"59":1,"60":1,"61":1,"62":1,"63":1,"64":1,"65":1,"66":1,"67":1,"68":1,"69":1,"70":1,"71":1,"72":1,"73":1,"74":1,"75":1,"76":1,"77":1,"78":1,"79":1,"80":1,"81":1,"82":1,"83":1,"84":1,"85":1,"86":1,"87":1,"88":1,"89":1,"90":1,"91":1,"92":1,"93":1,"94":1,"95":1,"96":1,"97":1,"98":1,"99":1,"100":1,"101":1,"102":1,"103":1,"104":1,"105":1,"106":1,"107":1,"108":1,"109":1,"110":1,"111":1,"112":1,"113":1,"114":1,"115":1,"116":1,"117":1,"118":1,"119":1,"120":1,"121":1,"122":1,"123":1,"124":1,"125":1,"126":1,"127":1,"128":1,"129":1,"130":1,"131":1,"132":1,"133":1,"134":1,"135":1,"136":1,"137":1,"138":1,"139":1,"140":1,"141":1,"142":1,"143":1,"144":1,"145":1,"146":1,"147":1,"148":1,"149":1,"150":1,"151":1,"152":1,"153":1,"154":1,"155":1,"156":1,"157":1,"158":1,"159":1,"160":1,"161":1,"162":1,"163":1,"164":1,"165":1,"166":1,"167":1,"168":1,"169":1,"170":1,"171":1,"172":1,"173":1,"174":1,"175":1,"176":1,"177":1,"178":1,"179":1,"180":1,"181":1,"182":1,"183":1,"184":1,"185":1,"186":1,"187":1,"188":1,"189":1,"190":1,"191":1,"192":1,"193":1,"194":1,"195":1,"196":1,"197":1,"198":1,"199":1,"200":1,"201":1,"202":1,"203":1,"204":15614,"205":15614,"206":6,"207":6,"208":15608,"209":15608,"210":1,"211":1,"212":1,"213":7807,"214":7807,"215":7807,"216":7807,"217":7807,"218":7807,"219":7807,"220":7807,"221":1,"222":1,"223":1,"224":1,"225":1,"226":54,"227":2,"228":52,"229":1,"230":1,"231":67,"232":67,"233":67,"234":67,"235":67,"236":67,"237":67,"238":67,"239":67,"240":67,"241":67,"242":1,"243":1,"244":1,"245":67,"246":67,"247":67,"248":9,"249":9,"250":9,"251":9,"252":9,"253":67,"254":67,"255":67,"256":67,"257":67,"258":67,"259":67,"260":67,"261":57,"262":10,"263":67,"264":67,"265":67,"266":67,"267":67,"268":67,"269":67,"270":1368,"271":1368,"272":11,"273":1368,"274":67,"275":67,"276":67,"277":1368,"278":1368,"279":1304,"280":1368,"281":67,"282":67,"283":67,"284":67,"285":67,"286":67,"287":67,"288":67,"289":67,"290":67,"291":67,"292":67,"293":67,"294":67,"295":67,"296":13,"297":13,"298":13,"299":13,"300":13,"301":13,"302":13,"303":13,"304":13,"305":13,"306":67,"307":67,"308":67,"309":67,"310":67,"311":67,"312":67,"313":67,"314":67,"315":1273,"316":1273,"317":1273,"318":1273,"319":1273,"320":1273,"321":1273,"322":1206,"323":1206,"324":1206,"325":1206,"326":1206,"327":1206,"328":1206,"329":67,"330":67,"331":1273,"332":1273,"333":67,"334":67,"335":67,"336":67,"337":67,"338":1368,"339":1368,"340":1368,"341":1368,"342":1368,"343":1368,"344":1368,"345":1368,"346":1368,"347":1368,"348":1368,"349":1368,"350":163,"351":1205,"352":1205,"353":1368,"354":1368,"355":1368,"356":1368,"357":1368,"358":1368,"359":1368,"360":1368,"361":1368,"362":1368,"363":1368,"364":1368,"365":1368,"366":1368,"367":32,"368":32,"369":32,"370":32,"371":32,"372":32,"373":32,"374":1368,"375":1368,"376":1368,"377":1368,"378":1368,"379":1368,"380":1368,"381":1368,"382":1368,"383":1368,"384":1368,"385":1368,"386":1368,"387":1368,"388":1368,"389":1368,"390":1368,"391":1368,"392":1368,"393":1368,"394":1368,"395":1368,"396":1368,"397":1368,"398":1368,"399":1368,"400":1368,"401":1368,"402":1368,"403":1368,"404":1368,"405":1368,"406":1368,"407":1368,"408":1368,"409":1368,"410":1368,"411":1368,"412":1368,"413":1368,"414":1368,"415":1368,"416":1368,"417":1368,"418":1368,"419":1368,"420":1368,"421":1368,"422":1368,"423":1368,"424":1368,"425":1368,"426":1368,"427":1368,"428":1368,"429":1368,"430":1368,"431":1368,"432":1368,"433":1368,"434":1368,"435":1368,"436":1368,"437":1368,"438":1368,"439":1368,"440":1368,"441":1368,"442":1368,"443":1368,"444":1368,"445":1368,"446":1368,"447":1368,"448":1368,"449":1368,"450":1368,"451":1368,"452":1368,"453":67,"454":67,"455":67,"456":67,"457":67,"458":67,"459":13,"460":13,"461":13,"462":13,"463":13,"464":13,"465":13,"466":13,"467":13,"468":67,"469":67,"470":67,"471":1,"472":1,"473":1,"474":67,"475":67,"476":67,"477":67,"478":1,"479":1},"branchMap":{"0":{"type":"branch","line":19,"loc":{"start":{"line":19,"column":21},"end":{"line":20,"column":71}},"locations":[{"start":{"line":19,"column":21},"end":{"line":20,"column":71}}]},"1":{"type":"branch","line":20,"loc":{"start":{"line":20,"column":30},"end":{"line":20,"column":48}},"locations":[{"start":{"line":20,"column":30},"end":{"line":20,"column":48}}]},"2":{"type":"branch","line":20,"loc":{"start":{"line":20,"column":42},"end":{"line":20,"column":71}},"locations":[{"start":{"line":20,"column":42},"end":{"line":20,"column":71}}]},"3":{"type":"branch","line":23,"loc":{"start":{"line":23,"column":21},"end":{"line":24,"column":80}},"locations":[{"start":{"line":23,"column":21},"end":{"line":24,"column":80}}]},"4":{"type":"branch","line":24,"loc":{"start":{"line":24,"column":30},"end":{"line":24,"column":48}},"locations":[{"start":{"line":24,"column":30},"end":{"line":24,"column":48}}]},"5":{"type":"branch","line":24,"loc":{"start":{"line":24,"column":42},"end":{"line":24,"column":80}},"locations":[{"start":{"line":24,"column":42},"end":{"line":24,"column":80}}]},"6":{"type":"branch","line":28,"loc":{"start":{"line":28,"column":18},"end":{"line":36,"column":2}},"locations":[{"start":{"line":28,"column":18},"end":{"line":36,"column":2}}]},"7":{"type":"branch","line":29,"loc":{"start":{"line":29,"column":16},"end":{"line":29,"column":45}},"locations":[{"start":{"line":29,"column":16},"end":{"line":29,"column":45}}]},"8":{"type":"branch","line":29,"loc":{"start":{"line":29,"column":45},"end":{"line":29,"column":56}},"locations":[{"start":{"line":29,"column":45},"end":{"line":29,"column":56}}]},"9":{"type":"branch","line":29,"loc":{"start":{"line":29,"column":52},"end":{"line":31,"column":32}},"locations":[{"start":{"line":29,"column":52},"end":{"line":31,"column":32}}]},"10":{"type":"branch","line":31,"loc":{"start":{"line":31,"column":25},"end":{"line":31,"column":36}},"locations":[{"start":{"line":31,"column":25},"end":{"line":31,"column":36}}]},"11":{"type":"branch","line":31,"loc":{"start":{"line":31,"column":32},"end":{"line":33,"column":29}},"locations":[{"start":{"line":31,"column":32},"end":{"line":33,"column":29}}]},"12":{"type":"branch","line":33,"loc":{"start":{"line":33,"column":22},"end":{"line":33,"column":66}},"locations":[{"start":{"line":33,"column":22},"end":{"line":33,"column":66}}]},"13":{"type":"branch","line":33,"loc":{"start":{"line":33,"column":59},"end":{"line":34,"column":28}},"locations":[{"start":{"line":33,"column":59},"end":{"line":34,"column":28}}]},"14":{"type":"branch","line":34,"loc":{"start":{"line":34,"column":21},"end":{"line":34,"column":55}},"locations":[{"start":{"line":34,"column":21},"end":{"line":34,"column":55}}]},"15":{"type":"branch","line":34,"loc":{"start":{"line":34,"column":49},"end":{"line":36,"column":2}},"locations":[{"start":{"line":34,"column":49},"end":{"line":36,"column":2}}]},"16":{"type":"branch","line":39,"loc":{"start":{"line":39,"column":29},"end":{"line":42,"column":2}},"locations":[{"start":{"line":39,"column":29},"end":{"line":42,"column":2}}]},"17":{"type":"branch","line":40,"loc":{"start":{"line":40,"column":16},"end":{"line":40,"column":45}},"locations":[{"start":{"line":40,"column":16},"end":{"line":40,"column":45}}]},"18":{"type":"branch","line":40,"loc":{"start":{"line":40,"column":45},"end":{"line":40,"column":56}},"locations":[{"start":{"line":40,"column":45},"end":{"line":40,"column":56}}]},"19":{"type":"branch","line":40,"loc":{"start":{"line":40,"column":52},"end":{"line":42,"column":2}},"locations":[{"start":{"line":40,"column":52},"end":{"line":42,"column":2}}]},"20":{"type":"branch","line":204,"loc":{"start":{"line":204,"column":21},"end":{"line":210,"column":2}},"locations":[{"start":{"line":204,"column":21},"end":{"line":210,"column":2}}]},"21":{"type":"branch","line":206,"loc":{"start":{"line":206,"column":27},"end":{"line":208,"column":3}},"locations":[{"start":{"line":206,"column":27},"end":{"line":208,"column":3}}]},"22":{"type":"branch","line":208,"loc":{"start":{"line":208,"column":2},"end":{"line":210,"column":2}},"locations":[{"start":{"line":208,"column":2},"end":{"line":210,"column":2}}]},"23":{"type":"branch","line":205,"loc":{"start":{"line":205,"column":30},"end":{"line":205,"column":54}},"locations":[{"start":{"line":205,"column":30},"end":{"line":205,"column":54}}]},"24":{"type":"branch","line":213,"loc":{"start":{"line":213,"column":36},"end":{"line":223,"column":2}},"locations":[{"start":{"line":213,"column":36},"end":{"line":223,"column":2}}]},"25":{"type":"branch","line":216,"loc":{"start":{"line":216,"column":14},"end":{"line":216,"column":36}},"locations":[{"start":{"line":216,"column":14},"end":{"line":216,"column":36}}]},"26":{"type":"branch","line":216,"loc":{"start":{"line":216,"column":36},"end":{"line":216,"column":45}},"locations":[{"start":{"line":216,"column":36},"end":{"line":216,"column":45}}]},"27":{"type":"branch","line":216,"loc":{"start":{"line":216,"column":43},"end":{"line":217,"column":27}},"locations":[{"start":{"line":216,"column":43},"end":{"line":217,"column":27}}]},"28":{"type":"branch","line":217,"loc":{"start":{"line":217,"column":20},"end":{"line":217,"column":29}},"locations":[{"start":{"line":217,"column":20},"end":{"line":217,"column":29}}]},"29":{"type":"branch","line":217,"loc":{"start":{"line":217,"column":27},"end":{"line":218,"column":27}},"locations":[{"start":{"line":217,"column":27},"end":{"line":218,"column":27}}]},"30":{"type":"branch","line":218,"loc":{"start":{"line":218,"column":20},"end":{"line":218,"column":30}},"locations":[{"start":{"line":218,"column":20},"end":{"line":218,"column":30}}]},"31":{"type":"branch","line":218,"loc":{"start":{"line":218,"column":27},"end":{"line":219,"column":34}},"locations":[{"start":{"line":218,"column":27},"end":{"line":219,"column":34}}]},"32":{"type":"branch","line":219,"loc":{"start":{"line":219,"column":22},"end":{"line":219,"column":60}},"locations":[{"start":{"line":219,"column":22},"end":{"line":219,"column":60}}]},"33":{"type":"branch","line":219,"loc":{"start":{"line":219,"column":60},"end":{"line":219,"column":92}},"locations":[{"start":{"line":219,"column":60},"end":{"line":219,"column":92}}]},"34":{"type":"branch","line":219,"loc":{"start":{"line":219,"column":90},"end":{"line":220,"column":26}},"locations":[{"start":{"line":219,"column":90},"end":{"line":220,"column":26}}]},"35":{"type":"branch","line":220,"loc":{"start":{"line":220,"column":19},"end":{"line":220,"column":29}},"locations":[{"start":{"line":220,"column":19},"end":{"line":220,"column":29}}]},"36":{"type":"branch","line":220,"loc":{"start":{"line":220,"column":26},"end":{"line":221,"column":26}},"locations":[{"start":{"line":220,"column":26},"end":{"line":221,"column":26}}]},"37":{"type":"branch","line":221,"loc":{"start":{"line":221,"column":19},"end":{"line":221,"column":28}},"locations":[{"start":{"line":221,"column":19},"end":{"line":221,"column":28}}]},"38":{"type":"branch","line":221,"loc":{"start":{"line":221,"column":26},"end":{"line":223,"column":2}},"locations":[{"start":{"line":221,"column":26},"end":{"line":223,"column":2}}]},"39":{"type":"branch","line":226,"loc":{"start":{"line":226,"column":22},"end":{"line":229,"column":53}},"locations":[{"start":{"line":226,"column":22},"end":{"line":229,"column":53}}]},"40":{"type":"branch","line":227,"loc":{"start":{"line":227,"column":12},"end":{"line":228,"column":51}},"locations":[{"start":{"line":227,"column":12},"end":{"line":228,"column":51}}]},"41":{"type":"branch","line":228,"loc":{"start":{"line":228,"column":50},"end":{"line":229,"column":53}},"locations":[{"start":{"line":228,"column":50},"end":{"line":229,"column":53}}]},"42":{"type":"branch","line":228,"loc":{"start":{"line":228,"column":6},"end":{"line":228,"column":51}},"locations":[{"start":{"line":228,"column":6},"end":{"line":228,"column":51}}]},"43":{"type":"branch","line":229,"loc":{"start":{"line":229,"column":6},"end":{"line":229,"column":53}},"locations":[{"start":{"line":229,"column":6},"end":{"line":229,"column":53}}]},"44":{"type":"branch","line":231,"loc":{"start":{"line":231,"column":21},"end":{"line":478,"column":2}},"locations":[{"start":{"line":231,"column":21},"end":{"line":478,"column":2}}]},"45":{"type":"branch","line":289,"loc":{"start":{"line":289,"column":13},"end":{"line":289,"column":35}},"locations":[{"start":{"line":289,"column":13},"end":{"line":289,"column":35}}]},"46":{"type":"branch","line":290,"loc":{"start":{"line":290,"column":13},"end":{"line":290,"column":99}},"locations":[{"start":{"line":290,"column":13},"end":{"line":290,"column":99}}]},"47":{"type":"branch","line":296,"loc":{"start":{"line":296,"column":7},"end":{"line":306,"column":10}},"locations":[{"start":{"line":296,"column":7},"end":{"line":306,"column":10}}]},"48":{"type":"branch","line":310,"loc":{"start":{"line":310,"column":47},"end":{"line":310,"column":103}},"locations":[{"start":{"line":310,"column":47},"end":{"line":310,"column":103}}]},"49":{"type":"branch","line":310,"loc":{"start":{"line":310,"column":63},"end":{"line":310,"column":135}},"locations":[{"start":{"line":310,"column":63},"end":{"line":310,"column":135}}]},"50":{"type":"branch","line":459,"loc":{"start":{"line":459,"column":7},"end":{"line":468,"column":10}},"locations":[{"start":{"line":459,"column":7},"end":{"line":468,"column":10}}]},"51":{"type":"branch","line":471,"loc":{"start":{"line":471,"column":7},"end":{"line":474,"column":21}},"locations":[{"start":{"line":471,"column":7},"end":{"line":474,"column":21}}]},"52":{"type":"branch","line":237,"loc":{"start":{"line":237,"column":27},"end":{"line":237,"column":45}},"locations":[{"start":{"line":237,"column":27},"end":{"line":237,"column":45}}]},"53":{"type":"branch","line":237,"loc":{"start":{"line":237,"column":33},"end":{"line":237,"column":45}},"locations":[{"start":{"line":237,"column":33},"end":{"line":237,"column":45}}]},"54":{"type":"branch","line":240,"loc":{"start":{"line":240,"column":27},"end":{"line":240,"column":62}},"locations":[{"start":{"line":240,"column":27},"end":{"line":240,"column":62}}]},"55":{"type":"branch","line":242,"loc":{"start":{"line":242,"column":34},"end":{"line":245,"column":4}},"locations":[{"start":{"line":242,"column":34},"end":{"line":245,"column":4}}]},"56":{"type":"branch","line":248,"loc":{"start":{"line":248,"column":21},"end":{"line":253,"column":4}},"locations":[{"start":{"line":248,"column":21},"end":{"line":253,"column":4}}]},"57":{"type":"branch","line":249,"loc":{"start":{"line":249,"column":30},"end":{"line":249,"column":58}},"locations":[{"start":{"line":249,"column":30},"end":{"line":249,"column":58}}]},"58":{"type":"branch","line":250,"loc":{"start":{"line":250,"column":13},"end":{"line":250,"column":30}},"locations":[{"start":{"line":250,"column":13},"end":{"line":250,"column":30}}]},"59":{"type":"branch","line":250,"loc":{"start":{"line":250,"column":21},"end":{"line":250,"column":35}},"locations":[{"start":{"line":250,"column":21},"end":{"line":250,"column":35}}]},"60":{"type":"branch","line":256,"loc":{"start":{"line":256,"column":4},"end":{"line":256,"column":60}},"locations":[{"start":{"line":256,"column":4},"end":{"line":256,"column":60}}]},"61":{"type":"branch","line":261,"loc":{"start":{"line":261,"column":30},"end":{"line":264,"column":5}},"locations":[{"start":{"line":261,"column":30},"end":{"line":264,"column":5}}]},"62":{"type":"branch","line":262,"loc":{"start":{"line":262,"column":24},"end":{"line":262,"column":42}},"locations":[{"start":{"line":262,"column":24},"end":{"line":262,"column":42}}]},"63":{"type":"branch","line":262,"loc":{"start":{"line":262,"column":31},"end":{"line":263,"column":82}},"locations":[{"start":{"line":262,"column":31},"end":{"line":263,"column":82}}]},"64":{"type":"branch","line":267,"loc":{"start":{"line":267,"column":12},"end":{"line":267,"column":30}},"locations":[{"start":{"line":267,"column":12},"end":{"line":267,"column":30}}]},"65":{"type":"branch","line":270,"loc":{"start":{"line":270,"column":25},"end":{"line":274,"column":4}},"locations":[{"start":{"line":270,"column":25},"end":{"line":274,"column":4}}]},"66":{"type":"branch","line":271,"loc":{"start":{"line":271,"column":19},"end":{"line":271,"column":60}},"locations":[{"start":{"line":271,"column":19},"end":{"line":271,"column":60}}]},"67":{"type":"branch","line":271,"loc":{"start":{"line":271,"column":26},"end":{"line":272,"column":26}},"locations":[{"start":{"line":271,"column":26},"end":{"line":272,"column":26}}]},"68":{"type":"branch","line":272,"loc":{"start":{"line":272,"column":19},"end":{"line":272,"column":60}},"locations":[{"start":{"line":272,"column":19},"end":{"line":272,"column":60}}]},"69":{"type":"branch","line":272,"loc":{"start":{"line":272,"column":26},"end":{"line":273,"column":14}},"locations":[{"start":{"line":272,"column":26},"end":{"line":273,"column":14}}]},"70":{"type":"branch","line":277,"loc":{"start":{"line":277,"column":24},"end":{"line":281,"column":4}},"locations":[{"start":{"line":277,"column":24},"end":{"line":281,"column":4}}]},"71":{"type":"branch","line":278,"loc":{"start":{"line":278,"column":19},"end":{"line":278,"column":59}},"locations":[{"start":{"line":278,"column":19},"end":{"line":278,"column":59}}]},"72":{"type":"branch","line":278,"loc":{"start":{"line":278,"column":26},"end":{"line":279,"column":26}},"locations":[{"start":{"line":278,"column":26},"end":{"line":279,"column":26}}]},"73":{"type":"branch","line":279,"loc":{"start":{"line":279,"column":19},"end":{"line":279,"column":59}},"locations":[{"start":{"line":279,"column":19},"end":{"line":279,"column":59}}]},"74":{"type":"branch","line":279,"loc":{"start":{"line":279,"column":26},"end":{"line":280,"column":14}},"locations":[{"start":{"line":279,"column":26},"end":{"line":280,"column":14}}]},"75":{"type":"branch","line":315,"loc":{"start":{"line":315,"column":27},"end":{"line":333,"column":28}},"locations":[{"start":{"line":315,"column":27},"end":{"line":333,"column":28}}]},"76":{"type":"branch","line":319,"loc":{"start":{"line":319,"column":53},"end":{"line":319,"column":94}},"locations":[{"start":{"line":319,"column":53},"end":{"line":319,"column":94}}]},"77":{"type":"branch","line":319,"loc":{"start":{"line":319,"column":62},"end":{"line":319,"column":96}},"locations":[{"start":{"line":319,"column":62},"end":{"line":319,"column":96}}]},"78":{"type":"branch","line":319,"loc":{"start":{"line":319,"column":104},"end":{"line":319,"column":149}},"locations":[{"start":{"line":319,"column":104},"end":{"line":319,"column":149}}]},"79":{"type":"branch","line":319,"loc":{"start":{"line":319,"column":115},"end":{"line":319,"column":151}},"locations":[{"start":{"line":319,"column":115},"end":{"line":319,"column":151}}]},"80":{"type":"branch","line":320,"loc":{"start":{"line":320,"column":49},"end":{"line":320,"column":62}},"locations":[{"start":{"line":320,"column":49},"end":{"line":320,"column":62}}]},"81":{"type":"branch","line":320,"loc":{"start":{"line":320,"column":54},"end":{"line":320,"column":68}},"locations":[{"start":{"line":320,"column":54},"end":{"line":320,"column":68}}]},"82":{"type":"branch","line":322,"loc":{"start":{"line":322,"column":23},"end":{"line":329,"column":37}},"locations":[{"start":{"line":322,"column":23},"end":{"line":329,"column":37}}]},"83":{"type":"branch","line":325,"loc":{"start":{"line":325,"column":49},"end":{"line":325,"column":62}},"locations":[{"start":{"line":325,"column":49},"end":{"line":325,"column":62}}]},"84":{"type":"branch","line":325,"loc":{"start":{"line":325,"column":54},"end":{"line":325,"column":68}},"locations":[{"start":{"line":325,"column":54},"end":{"line":325,"column":68}}]},"85":{"type":"branch","line":329,"loc":{"start":{"line":329,"column":20},"end":{"line":331,"column":29}},"locations":[{"start":{"line":329,"column":20},"end":{"line":331,"column":29}}]},"86":{"type":"branch","line":326,"loc":{"start":{"line":326,"column":31},"end":{"line":326,"column":56}},"locations":[{"start":{"line":326,"column":31},"end":{"line":326,"column":56}}]},"87":{"type":"branch","line":338,"loc":{"start":{"line":338,"column":29},"end":{"line":454,"column":13}},"locations":[{"start":{"line":338,"column":29},"end":{"line":454,"column":13}}]},"88":{"type":"branch","line":339,"loc":{"start":{"line":339,"column":28},"end":{"line":339,"column":42}},"locations":[{"start":{"line":339,"column":28},"end":{"line":339,"column":42}}]},"89":{"type":"branch","line":341,"loc":{"start":{"line":341,"column":30},"end":{"line":341,"column":66}},"locations":[{"start":{"line":341,"column":30},"end":{"line":341,"column":66}}]},"90":{"type":"branch","line":341,"loc":{"start":{"line":341,"column":39},"end":{"line":341,"column":93}},"locations":[{"start":{"line":341,"column":39},"end":{"line":341,"column":93}}]},"91":{"type":"branch","line":342,"loc":{"start":{"line":342,"column":53},"end":{"line":342,"column":95}},"locations":[{"start":{"line":342,"column":53},"end":{"line":342,"column":95}}]},"92":{"type":"branch","line":342,"loc":{"start":{"line":342,"column":62},"end":{"line":342,"column":97}},"locations":[{"start":{"line":342,"column":62},"end":{"line":342,"column":97}}]},"93":{"type":"branch","line":350,"loc":{"start":{"line":350,"column":21},"end":{"line":351,"column":97}},"locations":[{"start":{"line":350,"column":21},"end":{"line":351,"column":97}}]},"94":{"type":"branch","line":351,"loc":{"start":{"line":351,"column":95},"end":{"line":353,"column":30}},"locations":[{"start":{"line":351,"column":95},"end":{"line":353,"column":30}}]},"95":{"type":"branch","line":360,"loc":{"start":{"line":360,"column":51},"end":{"line":360,"column":89}},"locations":[{"start":{"line":360,"column":51},"end":{"line":360,"column":89}}]},"96":{"type":"branch","line":360,"loc":{"start":{"line":360,"column":84},"end":{"line":360,"column":91}},"locations":[{"start":{"line":360,"column":84},"end":{"line":360,"column":91}}]},"97":{"type":"branch","line":367,"loc":{"start":{"line":367,"column":27},"end":{"line":374,"column":39}},"locations":[{"start":{"line":367,"column":27},"end":{"line":374,"column":39}}]},"98":{"type":"branch","line":393,"loc":{"start":{"line":393,"column":33},"end":{"line":393,"column":55}},"locations":[{"start":{"line":393,"column":33},"end":{"line":393,"column":55}}]},"99":{"type":"branch","line":393,"loc":{"start":{"line":393,"column":44},"end":{"line":393,"column":66}},"locations":[{"start":{"line":393,"column":44},"end":{"line":393,"column":66}}]},"100":{"type":"branch","line":395,"loc":{"start":{"line":395,"column":67},"end":{"line":395,"column":117}},"locations":[{"start":{"line":395,"column":67},"end":{"line":395,"column":117}}]},"101":{"type":"branch","line":395,"loc":{"start":{"line":395,"column":78},"end":{"line":395,"column":155}},"locations":[{"start":{"line":395,"column":78},"end":{"line":395,"column":155}}]},"102":{"type":"branch","line":399,"loc":{"start":{"line":399,"column":39},"end":{"line":399,"column":78}},"locations":[{"start":{"line":399,"column":39},"end":{"line":399,"column":78}}]},"103":{"type":"branch","line":399,"loc":{"start":{"line":399,"column":74},"end":{"line":399,"column":82}},"locations":[{"start":{"line":399,"column":74},"end":{"line":399,"column":82}}]},"104":{"type":"branch","line":403,"loc":{"start":{"line":403,"column":25},"end":{"line":403,"column":41}},"locations":[{"start":{"line":403,"column":25},"end":{"line":403,"column":41}}]},"105":{"type":"branch","line":409,"loc":{"start":{"line":409,"column":40},"end":{"line":409,"column":80}},"locations":[{"start":{"line":409,"column":40},"end":{"line":409,"column":80}}]},"106":{"type":"branch","line":409,"loc":{"start":{"line":409,"column":76},"end":{"line":409,"column":84}},"locations":[{"start":{"line":409,"column":76},"end":{"line":409,"column":84}}]},"107":{"type":"branch","line":444,"loc":{"start":{"line":444,"column":25},"end":{"line":444,"column":43}},"locations":[{"start":{"line":444,"column":25},"end":{"line":444,"column":43}}]},"108":{"type":"branch","line":449,"loc":{"start":{"line":449,"column":25},"end":{"line":449,"column":46}},"locations":[{"start":{"line":449,"column":25},"end":{"line":449,"column":46}}]}},"b":{"0":[1368],"1":[1],"2":[1367],"3":[12312],"4":[11671],"5":[641],"6":[1368],"7":[1365],"8":[1253],"9":[115],"10":[1],"11":[114],"12":[1],"13":[113],"14":[65],"15":[48],"16":[163],"17":[162],"18":[2],"19":[161],"20":[15614],"21":[6],"22":[15608],"23":[15718],"24":[7807],"25":[2],"26":[1],"27":[7806],"28":[1],"29":[7805],"30":[1],"31":[7804],"32":[5],"33":[5],"34":[7799],"35":[7789],"36":[10],"37":[9],"38":[1],"39":[54],"40":[2],"41":[52],"42":[7],"43":[7798],"44":[67],"45":[1],"46":[13],"47":[13],"48":[13],"49":[54],"50":[13],"51":[1],"52":[45],"53":[1],"54":[2],"55":[1],"56":[9],"57":[3],"58":[2],"59":[7],"60":[54],"61":[57],"62":[47],"63":[10],"64":[45],"65":[1368],"66":[1325],"67":[43],"68":[32],"69":[11],"70":[1368],"71":[32],"72":[1336],"73":[32],"74":[1304],"75":[1273],"76":[268],"77":[1005],"78":[1206],"79":[67],"80":[67],"81":[1206],"82":[1206],"83":[67],"84":[1139],"85":[67],"86":[9],"87":[1368],"88":[1],"89":[163],"90":[1205],"91":[163],"92":[1205],"93":[163],"94":[1205],"95":[32],"96":[1336],"97":[32],"98":[1336],"99":[32],"100":[1336],"101":[32],"102":[96],"103":[1272],"104":[1272],"105":[64],"106":[1304],"107":[1272],"108":[1304]},"fnMap":{"0":{"name":"formatReturn","decl":{"start":{"line":19,"column":21},"end":{"line":20,"column":71}},"loc":{"start":{"line":19,"column":21},"end":{"line":20,"column":71}},"line":19},"1":{"name":"formatNumber","decl":{"start":{"line":23,"column":21},"end":{"line":24,"column":80}},"loc":{"start":{"line":23,"column":21},"end":{"line":24,"column":80}},"line":23},"2":{"name":"formatAum","decl":{"start":{"line":28,"column":18},"end":{"line":36,"column":2}},"loc":{"start":{"line":28,"column":18},"end":{"line":36,"column":2}},"line":28},"3":{"name":"formatPercent","decl":{"start":{"line":39,"column":29},"end":{"line":42,"column":2}},"loc":{"start":{"line":39,"column":29},"end":{"line":42,"column":2}},"line":39},"4":{"name":"getSortValue","decl":{"start":{"line":204,"column":21},"end":{"line":210,"column":2}},"loc":{"start":{"line":204,"column":21},"end":{"line":210,"column":2}},"line":204},"5":{"name":"descendingComparator","decl":{"start":{"line":213,"column":36},"end":{"line":223,"column":2}},"loc":{"start":{"line":213,"column":36},"end":{"line":223,"column":2}},"line":213},"6":{"name":"getComparator","decl":{"start":{"line":226,"column":22},"end":{"line":229,"column":53}},"loc":{"start":{"line":226,"column":22},"end":{"line":229,"column":53}},"line":226},"7":{"name":"RankingTable","decl":{"start":{"line":231,"column":21},"end":{"line":478,"column":2}},"loc":{"start":{"line":231,"column":21},"end":{"line":478,"column":2}},"line":231},"8":{"name":"handlePageChange","decl":{"start":{"line":240,"column":27},"end":{"line":240,"column":62}},"loc":{"start":{"line":240,"column":27},"end":{"line":240,"column":62}},"line":240},"9":{"name":"handleRowsPerPageChange","decl":{"start":{"line":242,"column":34},"end":{"line":245,"column":4}},"loc":{"start":{"line":242,"column":34},"end":{"line":245,"column":4}},"line":242},"10":{"name":"handleSort","decl":{"start":{"line":248,"column":21},"end":{"line":253,"column":4}},"loc":{"start":{"line":248,"column":21},"end":{"line":253,"column":4}},"line":248},"11":{"name":"getReturnClass","decl":{"start":{"line":270,"column":25},"end":{"line":274,"column":4}},"loc":{"start":{"line":270,"column":25},"end":{"line":274,"column":4}},"line":270},"12":{"name":"getAlphaClass","decl":{"start":{"line":277,"column":24},"end":{"line":281,"column":4}},"loc":{"start":{"line":277,"column":24},"end":{"line":281,"column":4}},"line":277},"13":{"name":"onClick","decl":{"start":{"line":326,"column":31},"end":{"line":326,"column":56}},"loc":{"start":{"line":326,"column":31},"end":{"line":326,"column":56}},"line":326}},"f":{"0":1368,"1":12312,"2":1368,"3":163,"4":15614,"5":7807,"6":54,"7":67,"8":2,"9":1,"10":9,"11":1368,"12":1368,"13":9}}
,"/Volumes/workplace/mfkin_analyser_frontend/src/components/ThemeSelector.jsx": {"path":"/Volumes/workplace/mfkin_analyser_frontend/src/components/ThemeSelector.jsx","all":false,"statementMap":{"0":{"start":{"line":1,"column":0},"end":{"line":1,"column":55}},"1":{"start":{"line":2,"column":0},"end":{"line":2,"column":73}},"2":{"start":{"line":3,"column":0},"end":{"line":3,"column":58}},"3":{"start":{"line":4,"column":0},"end":{"line":4,"column":56}},"4":{"start":{"line":5,"column":0},"end":{"line":5,"column":62}},"5":{"start":{"line":6,"column":0},"end":{"line":6,"column":69}},"6":{"start":{"line":7,"column":0},"end":{"line":7,"column":0}},"7":{"start":{"line":8,"column":0},"end":{"line":8,"column":22}},"8":{"start":{"line":9,"column":0},"end":{"line":9,"column":77}},"9":{"start":{"line":10,"column":0},"end":{"line":10,"column":74}},"10":{"start":{"line":11,"column":0},"end":{"line":11,"column":79}},"11":{"start":{"line":12,"column":0},"end":{"line":12,"column":2}},"12":{"start":{"line":13,"column":0},"end":{"line":13,"column":0}},"13":{"start":{"line":14,"column":0},"end":{"line":14,"column":29}},"14":{"start":{"line":15,"column":0},"end":{"line":15,"column":33}},"15":{"start":{"line":16,"column":0},"end":{"line":16,"column":48}},"16":{"start":{"line":17,"column":0},"end":{"line":17,"column":0}},"17":{"start":{"line":18,"column":0},"end":{"line":18,"column":41}},"18":{"start":{"line":19,"column":0},"end":{"line":19,"column":47}},"19":{"start":{"line":20,"column":0},"end":{"line":20,"column":4}},"20":{"start":{"line":21,"column":0},"end":{"line":21,"column":0}},"21":{"start":{"line":22,"column":0},"end":{"line":22,"column":10}},"22":{"start":{"line":23,"column":0},"end":{"line":23,"column":22}},"23":{"start":{"line":24,"column":0},"end":{"line":24,"column":26}},"24":{"start":{"line":25,"column":0},"end":{"line":25,"column":15}},"25":{"start":{"line":26,"column":0},"end":{"line":26,"column":29}},"26":{"start":{"line":27,"column":0},"end":{"line":27,"column":18}},"27":{"start":{"line":28,"column":0},"end":{"line":28,"column":33}},"28":{"start":{"line":29,"column":0},"end":{"line":29,"column":5}},"29":{"start":{"line":30,"column":0},"end":{"line":30,"column":37}},"30":{"start":{"line":31,"column":0},"end":{"line":31,"column":84}},"31":{"start":{"line":32,"column":0},"end":{"line":32,"column":40}},"32":{"start":{"line":33,"column":0},"end":{"line":33,"column":25}},"33":{"start":{"line":34,"column":0},"end":{"line":34,"column":20}},"34":{"start":{"line":35,"column":0},"end":{"line":35,"column":23}},"35":{"start":{"line":36,"column":0},"end":{"line":36,"column":9}},"36":{"start":{"line":37,"column":0},"end":{"line":37,"column":24}},"37":{"start":{"line":38,"column":0},"end":{"line":38,"column":4}},"38":{"start":{"line":39,"column":0},"end":{"line":39,"column":2}},"39":{"start":{"line":40,"column":0},"end":{"line":40,"column":0}},"40":{"start":{"line":41,"column":0},"end":{"line":41,"column":29}}},"s":{"0":1,"1":1,"2":1,"3":1,"4":1,"5":1,"6":1,"7":1,"8":1,"9":1,"10":1,"11":1,"12":1,"13":1,"14":10,"15":10,"16":10,"17":10,"18":3,"19":3,"20":10,"21":10,"22":10,"23":10,"24":10,"25":10,"26":10,"27":10,"28":10,"29":10,"30":30,"31":30,"32":30,"33":30,"34":30,"35":10,"36":10,"37":10,"38":10,"39":1,"40":1},"branchMap":{"0":{"type":"branch","line":14,"loc":{"start":{"line":14,"column":22},"end":{"line":39,"column":2}},"locations":[{"start":{"line":14,"column":22},"end":{"line":39,"column":2}}]},"1":{"type":"branch","line":18,"loc":{"start":{"line":18,"column":23},"end":{"line":20,"column":4}},"locations":[{"start":{"line":18,"column":23},"end":{"line":20,"column":4}}]},"2":{"type":"branch","line":19,"loc":{"start":{"line":19,"column":18},"end":{"line":19,"column":47}},"locations":[{"start":{"line":19,"column":18},"end":{"line":19,"column":47}}]},"3":{"type":"branch","line":30,"loc":{"start":{"line":30,"column":24},"end":{"line":35,"column":23}},"locations":[{"start":{"line":30,"column":24},"end":{"line":35,"column":23}}]}},"b":{"0":[10],"1":[3],"2":[2],"3":[30]},"fnMap":{"0":{"name":"ThemeSelector","decl":{"start":{"line":14,"column":22},"end":{"line":39,"column":2}},"loc":{"start":{"line":14,"column":22},"end":{"line":39,"column":2}},"line":14},"1":{"name":"handleChange","decl":{"start":{"line":18,"column":23},"end":{"line":20,"column":4}},"loc":{"start":{"line":18,"column":23},"end":{"line":20,"column":4}},"line":18}},"f":{"0":10,"1":3}}
,"/Volumes/workplace/mfkin_analyser_frontend/src/components/TopFundsPanel.jsx": {"path":"/Volumes/workplace/mfkin_analyser_frontend/src/components/TopFundsPanel.jsx","all":false,"statementMap":{"0":{"start":{"line":1,"column":0},"end":{"line":1,"column":62}},"1":{"start":{"line":2,"column":0},"end":{"line":2,"column":0}},"2":{"start":{"line":3,"column":0},"end":{"line":3,"column":49}},"3":{"start":{"line":4,"column":0},"end":{"line":4,"column":20}},"4":{"start":{"line":5,"column":0},"end":{"line":5,"column":80}},"5":{"start":{"line":6,"column":0},"end":{"line":6,"column":84}},"6":{"start":{"line":7,"column":0},"end":{"line":7,"column":82}},"7":{"start":{"line":8,"column":0},"end":{"line":8,"column":2}},"8":{"start":{"line":9,"column":0},"end":{"line":9,"column":0}},"9":{"start":{"line":10,"column":0},"end":{"line":10,"column":58}},"10":{"start":{"line":11,"column":0},"end":{"line":11,"column":31}},"11":{"start":{"line":12,"column":0},"end":{"line":12,"column":73}},"12":{"start":{"line":13,"column":0},"end":{"line":13,"column":0}},"13":{"start":{"line":14,"column":0},"end":{"line":14,"column":41}},"14":{"start":{"line":15,"column":0},"end":{"line":15,"column":59}},"15":{"start":{"line":16,"column":0},"end":{"line":16,"column":30}},"16":{"start":{"line":17,"column":0},"end":{"line":17,"column":56}},"17":{"start":{"line":18,"column":0},"end":{"line":18,"column":28}},"18":{"start":{"line":19,"column":0},"end":{"line":19,"column":36}},"19":{"start":{"line":20,"column":0},"end":{"line":20,"column":26}},"20":{"start":{"line":21,"column":0},"end":{"line":21,"column":66}},"21":{"start":{"line":22,"column":0},"end":{"line":22,"column":55}},"22":{"start":{"line":23,"column":0},"end":{"line":23,"column":36}},"23":{"start":{"line":24,"column":0},"end":{"line":24,"column":2}},"24":{"start":{"line":25,"column":0},"end":{"line":25,"column":0}},"25":{"start":{"line":26,"column":0},"end":{"line":26,"column":63}},"26":{"start":{"line":27,"column":0},"end":{"line":27,"column":58}},"27":{"start":{"line":28,"column":0},"end":{"line":28,"column":29}},"28":{"start":{"line":29,"column":0},"end":{"line":29,"column":0}},"29":{"start":{"line":30,"column":0},"end":{"line":30,"column":10}},"30":{"start":{"line":31,"column":0},"end":{"line":31,"column":37}},"31":{"start":{"line":32,"column":0},"end":{"line":32,"column":38}},"32":{"start":{"line":33,"column":0},"end":{"line":33,"column":54}},"33":{"start":{"line":34,"column":0},"end":{"line":34,"column":32}},"34":{"start":{"line":35,"column":0},"end":{"line":35,"column":28}},"35":{"start":{"line":36,"column":0},"end":{"line":36,"column":91}},"36":{"start":{"line":37,"column":0},"end":{"line":37,"column":17}},"37":{"start":{"line":38,"column":0},"end":{"line":38,"column":46}},"38":{"start":{"line":39,"column":0},"end":{"line":39,"column":23}},"39":{"start":{"line":40,"column":0},"end":{"line":40,"column":81}},"40":{"start":{"line":41,"column":0},"end":{"line":41,"column":17}},"41":{"start":{"line":42,"column":0},"end":{"line":42,"column":35}},"42":{"start":{"line":43,"column":0},"end":{"line":43,"column":23}},"43":{"start":{"line":44,"column":0},"end":{"line":44,"column":81}},"44":{"start":{"line":45,"column":0},"end":{"line":45,"column":17}},"45":{"start":{"line":46,"column":0},"end":{"line":46,"column":35}},"46":{"start":{"line":47,"column":0},"end":{"line":47,"column":59}},"47":{"start":{"line":48,"column":0},"end":{"line":48,"column":0}},"48":{"start":{"line":49,"column":0},"end":{"line":49,"column":16}},"49":{"start":{"line":50,"column":0},"end":{"line":50,"column":16}},"50":{"start":{"line":51,"column":0},"end":{"line":51,"column":31}},"51":{"start":{"line":52,"column":0},"end":{"line":52,"column":25}},"52":{"start":{"line":53,"column":0},"end":{"line":53,"column":1
[...]
line":99,"column":70}},"99":{"start":{"line":100,"column":0},"end":{"line":100,"column":30}},"100":{"start":{"line":101,"column":0},"end":{"line":101,"column":33}},"101":{"start":{"line":102,"column":0},"end":{"line":102,"column":33}},"102":{"start":{"line":103,"column":0},"end":{"line":103,"column":31}},"103":{"start":{"line":104,"column":0},"end":{"line":104,"column":57}},"104":{"start":{"line":105,"column":0},"end":{"line":105,"column":55}},"105":{"start":{"line":106,"column":0},"end":{"line":106,"column":38}},"106":{"start":{"line":107,"column":0},"end":{"line":107,"column":4}},"107":{"start":{"line":108,"column":0},"end":{"line":108,"column":15}},"108":{"start":{"line":109,"column":0},"end":{"line":109,"column":51}},"109":{"start":{"line":110,"column":0},"end":{"line":110,"column":155}},"110":{"start":{"line":111,"column":0},"end":{"line":111,"column":155}},"111":{"start":{"line":112,"column":0},"end":{"line":112,"column":129}},"112":{"start":{"line":113,"column":0},"end":{"line":113,"column":35}},"113":{"start":{"line":114,"column":0},"end":{"line":114,"column":55}},"114":{"start":{"line":115,"column":0},"end":{"line":115,"column":4}},"115":{"start":{"line":116,"column":0},"end":{"line":116,"column":30}},"116":{"start":{"line":117,"column":0},"end":{"line":117,"column":15}},"117":{"start":{"line":118,"column":0},"end":{"line":118,"column":21}},"118":{"start":{"line":119,"column":0},"end":{"line":119,"column":23}},"119":{"start":{"line":120,"column":0},"end":{"line":120,"column":16}},"120":{"start":{"line":121,"column":0},"end":{"line":121,"column":38}},"121":{"start":{"line":122,"column":0},"end":{"line":122,"column":167}},"122":{"start":{"line":123,"column":0},"end":{"line":123,"column":10}},"123":{"start":{"line":124,"column":0},"end":{"line":124,"column":134}},"124":{"start":{"line":125,"column":0},"end":{"line":125,"column":115}},"125":{"start":{"line":126,"column":0},"end":{"line":126,"column":8}},"126":{"start":{"line":127,"column":0},"end":{"line":127,"column":6}},"127":{"start":{"line":128,"column":0},"end":{"line":128,"column":15}},"128":{"start":{"line":129,"column":0},"end":{"line":129,"column":23}},"129":{"start":{"line":130,"column":0},"end":{"line":130,"column":15}},"130":{"start":{"line":131,"column":0},"end":{"line":131,"column":27}},"131":{"start":{"line":132,"column":0},"end":{"line":132,"column":53}},"132":{"start":{"line":133,"column":0},"end":{"line":133,"column":125}},"133":{"start":{"line":134,"column":0},"end":{"line":134,"column":52}},"134":{"start":{"line":135,"column":0},"end":{"line":135,"column":39}},"135":{"start":{"line":136,"column":0},"end":{"line":136,"column":10}},"136":{"start":{"line":137,"column":0},"end":{"line":137,"column":8}},"137":{"start":{"line":138,"column":0},"end":{"line":138,"column":6}},"138":{"start":{"line":139,"column":0},"end":{"line":139,"column":16}},"139":{"start":{"line":140,"column":0},"end":{"line":140,"column":23}},"140":{"start":{"line":141,"column":0},"end":{"line":141,"column":15}},"141":{"start":{"line":142,"column":0},"end":{"line":142,"column":41}},"142":{"start":{"line":143,"column":0},"end":{"line":143,"column":28}},"143":{"start":{"line":144,"column":0},"end":{"line":144,"column":10}},"144":{"start":{"line":145,"column":0},"end":{"line":145,"column":8}},"145":{"start":{"line":146,"column":0},"end":{"line":146,"column":6}},"146":{"start":{"line":147,"column":0},"end":{"line":147,"column":16}},"147":{"start":{"line":148,"column":0},"end":{"line":148,"column":23}},"148":{"start":{"line":149,"column":0},"end":{"line":149,"column":84}},"149":{"start":{"line":150,"column":0},"end":{"line":150,"column":20}},"150":{"start":{"line":151,"column":0},"end":{"line":151,"column":87}},"151":{"start":{"line":152,"column":0},"end":{"line":152,"column":27}},"152":{"start":{"line":153,"column":0},"end":{"line":153,"column":26}},"153":{"start":{"line":154,"column":0},"end":{"line":154,"column":58}},"154":{"start":{"line":155,"column":0},"end":{"line":155,"column":91}},"155":{"start":{"line":156,"column":0},"end":{"line":156,"column":23}},"156":{"start":{"line":157,"column":0},"end":{"line":157,"column":93}},"157":{"start":{"line":158,"column":0},"end":{"line":158,"column":42}},"158":{"start":{"line":159,"column":0},"end":{"line":159,"column":12}},"159":{"start":{"line":160,"column":0},"end":{"line":160,"column":10}},"160":{"start":{"line":161,"column":0},"end":{"line":161,"column":19}},"161":{"start":{"line":162,"column":0},"end":{"line":162,"column":33}},"162":{"start":{"line":163,"column":0},"end":{"line":163,"column":25}},"163":{"start":{"line":164,"column":0},"end":{"line":164,"column":27}},"164":{"start":{"line":165,"column":0},"end":{"line":165,"column":55}},"165":{"start":{"line":166,"column":0},"end":{"line":166,"column":23}},"166":{"start":{"line":167,"column":0},"end":{"line":167,"column":36}},"167":{"start":{"line":168,"column":0},"end":{"line":168,"column":30}},"168":{"start":{"line":169,"column":0},"end":{"line":169,"column":55}},"169":{"start":{"line":170,"column":0},"end":{"line":170,"column":58}},"170":{"start":{"line":171,"column":0},"end":{"line":171,"column":12}},"171":{"start":{"line":172,"column":0},"end":{"line":172,"column":10}},"172":{"start":{"line":173,"column":0},"end":{"line":173,"column":8}},"173":{"start":{"line":174,"column":0},"end":{"line":174,"column":6}},"174":{"start":{"line":175,"column":0},"end":{"line":175,"column":27}},"175":{"start":{"line":176,"column":0},"end":{"line":176,"column":23}},"176":{"start":{"line":177,"column":0},"end":{"line":177,"column":15}},"177":{"start":{"line":178,"column":0},"end":{"line":178,"column":53}},"178":{"start":{"line":179,"column":0},"end":{"line":179,"column":55}},"179":{"start":{"line":180,"column":0},"end":{"line":180,"column":51}},"180":{"start":{"line":181,"column":0},"end":{"line":181,"column":10}},"181":{"start":{"line":182,"column":0},"end":{"line":182,"column":8}},"182":{"start":{"line":183,"column":0},"end":{"line":183,"column":6}},"183":{"start":{"line":184,"column":0},"end":{"line":184,"column":22}},"184":{"start":{"line":185,"column":0},"end":{"line":185,"column":23}},"185":{"start":{"line":186,"column":0},"end":{"line":186,"column":15}},"186":{"start":{"line":187,"column":0},"end":{"line":187,"column":28}},"187":{"start":{"line":188,"column":0},"end":{"line":188,"column":32}},"188":{"start":{"line":189,"column":0},"end":{"line":189,"column":26}},"189":{"start":{"line":190,"column":0},"end":{"line":190,"column":27}},"190":{"start":{"line":191,"column":0},"end":{"line":191,"column":37}},"191":{"start":{"line":192,"column":0},"end":{"line":192,"column":30}},"192":{"start":{"line":193,"column":0},"end":{"line":193,"column":56}},"193":{"start":{"line":194,"column":0},"end":{"line":194,"column":36}},"194":{"start":{"line":195,"column":0},"end":{"line":195,"column":29}},"195":{"start":{"line":196,"column":0},"end":{"line":196,"column":96}},"196":{"start":{"line":197,"column":0},"end":{"line":197,"column":58}},"197":{"start":{"line":198,"column":0},"end":{"line":198,"column":12}},"198":{"start":{"line":199,"column":0},"end":{"line":199,"column":22}},"199":{"start":{"line":200,"column":0},"end":{"line":200,"column":54}},"200":{"start":{"line":201,"column":0},"end":{"line":201,"column":12}},"201":{"start":{"line":202,"column":0},"end":{"line":202,"column":10}},"202":{"start":{"line":203,"column":0},"end":{"line":203,"column":8}},"203":{"start":{"line":204,"column":0},"end":{"line":204,"column":6}},"204":{"start":{"line":205,"column":0},"end":{"line":205,"column":14}},"205":{"start":{"line":206,"column":0},"end":{"line":206,"column":23}},"206":{"start":{"line":207,"column":0},"end":{"line":207,"column":16}},"207":{"start":{"line":208,"column":0},"end":{"line":208,"column":29}},"208":{"start":{"line":209,"column":0},"end":{"line":209,"column":27}},"209":{"start":{"line":210,"column":0},"end":{"line":210,"column":54}},"210":{"start":{"line":211,"column":0},"end":{"line":211,"column":53}},"211":{"start":{"line":212,"column":0},"end":{"line":212,"column":56}},"212":{"start":{"line":213,"column":0},"end":{"line":213,"column":38}},"213":{"start":{"line":214,"column":0},"end":{"line":214,"column":22}},"214":{"start":{"line":215,"column":0},"end":{"line":215,"column":57}},"215":{"start":{"line":216,"column":0},"end":{"line":216,"column":35}},"216":{"start":{"line":217,"column":0},"end":{"line":217,"column":12}},"217":{"start":{"line":218,"column":0},"end":{"line":218,"column":10}},"218":{"start":{"line":219,"column":0},"end":{"line":219,"column":17}},"219":{"start":{"line":220,"column":0},"end":{"line":220,"column":52}},"220":{"start":{"line":221,"column":0},"end":{"line":221,"column":56}},"221":{"start":{"line":222,"column":0},"end":{"line":222,"column":10}},"222":{"start":{"line":223,"column":0},"end":{"line":223,"column":19}},"223":{"start":{"line":224,"column":0},"end":{"line":224,"column":49}},"224":{"start":{"line":225,"column":0},"end":{"line":225,"column":22}},"225":{"start":{"line":226,"column":0},"end":{"line":226,"column":35}},"226":{"start":{"line":227,"column":0},"end":{"line":227,"column":58}},"227":{"start":{"line":228,"column":0},"end":{"line":228,"column":12}},"228":{"start":{"line":229,"column":0},"end":{"line":229,"column":10}},"229":{"start":{"line":230,"column":0},"end":{"line":230,"column":8}},"230":{"start":{"line":231,"column":0},"end":{"line":231,"column":6}},"231":{"start":{"line":232,"column":0},"end":{"line":232,"column":19}},"232":{"start":{"line":233,"column":0},"end":{"line":233,"column":23}},"233":{"start":{"line":234,"column":0},"end":{"line":234,"column":15}},"234":{"start":{"line":235,"column":0},"end":{"line":235,"column":39}},"235":{"start":{"line":236,"column":0},"end":{"line":236,"column":53}},"236":{"start":{"line":237,"column":0},"end":{"line":237,"column":27}},"237":{"start":{"line":238,"column":0},"end":{"line":238,"column":52}},"238":{"start":{"line":239,"column":0},"end":{"line":239,"column":29}},"239":{"start":{"line":240,"column":0},"end":{"line":240,"column":14}},"240":{"start":{"line":241,"column":0},"end":{"line":241,"column":33}},"241":{"start":{"line":242,"column":0},"end":{"line":242,"column":52}},"242":{"start":{"line":243,"column":0},"end":{"line":243,"column":59}},"243":{"start":{"line":244,"column":0},"end":{"line":244,"column":14}},"244":{"start":{"line":245,"column":0},"end":{"line":245,"column":39}},"245":{"start":{"line":246,"column":0},"end":{"line":246,"column":37}},"246":{"start":{"line":247,"column":0},"end":{"line":247,"column":29}},"247":{"start":{"line":248,"column":0},"end":{"line":248,"column":59}},"248":{"start":{"line":249,"column":0},"end":{"line":249,"column":14}},"249":{"start":{"line":250,"column":0},"end":{"line":250,"column":12}},"250":{"start":{"line":251,"column":0},"end":{"line":251,"column":36}},"251":{"start":{"line":252,"column":0},"end":{"line":252,"column":29}},"252":{"start":{"line":253,"column":0},"end":{"line":253,"column":12}},"253":{"start":{"line":254,"column":0},"end":{"line":254,"column":40}},"254":{"start":{"line":255,"column":0},"end":{"line":255,"column":29}},"255":{"start":{"line":256,"column":0},"end":{"line":256,"column":12}},"256":{"start":{"line":257,"column":0},"end":{"line":257,"column":10}},"257":{"start":{"line":258,"column":0},"end":{"line":258,"column":8}},"258":{"start":{"line":259,"column":0},"end":{"line":259,"column":6}},"259":{"start":{"line":260,"column":0},"end":{"line":260,"column":24}},"260":{"start":{"line":261,"column":0},"end":{"line":261,"column":23}},"261":{"start":{"line":262,"column":0},"end":{"line":262,"column":16}},"262":{"start":{"line":263,"column":0},"end":{"line":263,"column":22}},"263":{"start":{"line":264,"column":0},"end":{"line":264,"column":29}},"264":{"start":{"line":265,"column":0},"end":{"line":265,"column":52}},"265":{"start":{"line":266,"column":0},"end":{"line":266,"column":57}},"266":{"start":{"line":267,"column":0},"end":{"line":267,"column":10}},"267":{"start":{"line":268,"column":0},"end":{"line":268,"column":15}},"268":{"start":{"line":269,"column":0},"end":{"line":269,"column":29}},"269":{"start":{"line":270,"column":0},"end":{"line":270,"column":88}},"270":{"start":{"line":271,"column":0},"end":{"line":271,"column":55}},"271":{"start":{"line":272,"column":0},"end":{"line":272,"column":10}},"272":{"start":{"line":273,"column":0},"end":{"line":273,"column":8}},"273":{"start":{"line":274,"column":0},"end":{"line":274,"column":6}},"274":{"start":{"line":275,"column":0},"end":{"line":275,"column":16}},"275":{"start":{"line":276,"column":0},"end":{"line":276,"column":23}},"276":{"start":{"line":277,"column":0},"end":{"line":277,"column":15}},"277":{"start":{"line":278,"column":0},"end":{"line":278,"column":89}},"278":{"start":{"line":279,"column":0},"end":{"line":279,"column":53}},"279":{"start":{"line":280,"column":0},"end":{"line":280,"column":10}},"280":{"start":{"line":281,"column":0},"end":{"line":281,"column":8}},"281":{"start":{"line":282,"column":0},"end":{"line":282,"column":6}},"282":{"start":{"line":283,"column":0},"end":{"line":283,"column":15}},"283":{"start":{"line":284,"column":0},"end":{"line":284,"column":23}},"284":{"start":{"line":285,"column":0},"end":{"line":285,"column":16}},"285":{"start":{"line":286,"column":0},"end":{"line":286,"column":55}},"286":{"start":{"line":287,"column":0},"end":{"line":287,"column":10}},"287":{"start":{"line":288,"column":0},"end":{"line":288,"column":8}},"288":{"start":{"line":289,"column":0},"end":{"line":289,"column":6}},"289":{"start":{"line":290,"column":0},"end":{"line":290,"column":17}},"290":{"start":{"line":291,"column":0},"end":{"line":291,"column":23}},"291":{"start":{"line":292,"column":0},"end":{"line":292,"column":15}},"292":{"start":{"line":293,"column":0},"end":{"line":293,"column":48}},"293":{"start":{"line":294,"column":0},"end":{"line":294,"column":54}},"294":{"start":{"line":295,"column":0},"end":{"line":295,"column":10}},"295":{"start":{"line":296,"column":0},"end":{"line":296,"column":8}},"296":{"start":{"line":297,"column":0},"end":{"line":297,"column":6}},"297":{"start":{"line":298,"column":0},"end":{"line":298,"column":19}},"298":{"start":{"line":299,"column":0},"end":{"line":299,"column":23}},"299":{"start":{"line":300,"column":0},"end":{"line":300,"column":15}},"300":{"start":{"line":301,"column":0},"end":{"line":301,"column":49}},"301":{"start":{"line":302,"column":0},"end":{"line":302,"column":10}},"302":{"start":{"line":303,"column":0},"end":{"line":303,"column":15}},"303":{"start":{"line":304,"column":0},"end":{"line":304,"column":27}},"304":{"start":{"line":305,"column":0},"end":{"line":305,"column":56}},"305":{"start":{"line":306,"column":0},"end":{"line":306,"column":26}},"306":{"start":{"line":307,"column":0},"end":{"line":307,"column":10}},"307":{"start":{"line":308,"column":0},"end":{"line":308,"column":8}},"308":{"start":{"line":309,"column":0},"end":{"line":309,"column":6}},"309":{"start":{"line":310,"column":0},"end":{"line":310,"column":18}},"310":{"start":{"line":311,"column":0},"end":{"line":311,"column":23}},"311":{"start":{"line":312,"column":0},"end":{"line":312,"column":15}},"312":{"start":{"line":313,"column":0},"end":{"line":313,"column":22}},"313":{"start":{"line":314,"column":0},"end":{"line":314,"column":66}},"314":{"start":{"line":315,"column":0},"end":{"line":315,"column":57}},"315":{"start":{"line":316,"column":0},"end":{"line":316,"column":12}},"316":{"start":{"line":317,"column":0},"end":{"line":317,"column":10}},"317":{"start":{"line":318,"column":0},"end":{"line":318,"column":8}},"318":{"start":{"line":319,"column":0},"end":{"line":319,"column":6}},"319":{"start":{"line":320,"column":0},"end":{"line":320,"column":20}},"320":{"start":{"line":321,"column":0},"end":{"line":321,"column":23}},"321":{"start":{"line":322,"column":0},"end":{"line":322,"column":15}},"322":{"start":{"line":323,"column":0},"end":{"line":323,"column":27}},"323":{"start":{"line":324,"column":0},"end":{"line":324,"column":38}},"324":{"start":{"line":325,"column":0},"end":{"line":325,"column":22}},"325":{"start":{"line":326,"column":0},"end":{"line":326,"column":54}},"326":{"start":{"line":327,"column":0},"end":{"line":327,"column":57}},"327":{"start":{"line":328,"column":0},"end":{"line":328,"column":12}},"328":{"start":{"line":329,"column":0},"end":{"line":329,"column":10}},"329":{"start":{"line":330,"column":0},"end":{"line":330,"column":8}},"330":{"start":{"line":331,"column":0},"end":{"line":331,"column":6}},"331":{"start":{"line":332,"column":0},"end":{"line":332,"column":4}},"332":{"start":{"line":333,"column":0},"end":{"line":333,"column":3}},"333":{"start":{"line":334,"column":0},"end":{"line":334,"column":0}},"334":{"start":{"line":335,"column":0},"end":{"line":335,"column":28}},"335":{"start":{"line":336,"column":0},"end":{"line":336,"column":23}},"336":{"start":{"line":337,"column":0},"end":{"line":337,"column":20}},"337":{"start":{"line":338,"column":0},"end":{"line":338,"column":18}},"338":{"start":{"line":339,"column":0},"end":{"line":339,"column":20}},"339":{"start":{"line":340,"column":0},"end":{"line":340,"column":2}},"340":{"start":{"line":341,"column":0},"end":{"line":341,"column":0}},"341":{"start":{"line":342,"column":0},"end":{"line":342,"column":44}},"342":{"start":{"line":343,"column":0},"end":{"line":343,"column":32}}},"s":{"0":1,"1":1,"2":1,"3":1,"4":1,"5":1,"6":1,"7":1,"8":1,"9":1,"10":1,"11":1,"12":1,"13":1,"14":1,"15":1,"16":1,"17":1,"18":1,"19":1,"20":1,"21":1,"22":1,"23":1,"24":1,"25":1,"26":1,"27":1,"28":1,"29":1,"30":1,"31":1,"32":1,"33":1,"34":1,"35":1,"36":1,"37":1,"38":1,"39":1,"40":1,"41":1,"42":1,"43":1,"44":1,"45":1,"46":1,"47":1,"48":1,"49":1,"50":1,"51":1,"52":1,"53":1,"54":1,"55":1,"56":1,"57":1,"58":1,"59":1,"60":1,"61":1,"62":1,"63":1,"64":1,"65":1,"66":1,"67":1,"68":1,"69":1,"70":1,"71":1,"72":1,"73":1,"74":1,"75":1,"76":1,"77":1,"78":1,"79":1,"80":1,"81":1,"82":1,"83":1,"84":1,"85":1,"86":1,"87":1,"88":1,"89":1,"90":1,"91":1,"92":1,"93":1,"94":1,"95":1,"96":1,"97":1,"98":1,"99":1,"100":1,"101":1,"102":1,"103":1,"104":1,"105":1,"106":1,"107":1,"108":1,"109":1,"110":1,"111":1,"112":1,"113":1,"114":1,"115":1,"116":1,"117":1,"118":1,"119":1,"120":1,"121":1,"122":1,"123":1,"124":1,"125":1,"126":1,"127":1,"128":1,"129":1,"130":1,"131":1,"132":1,"133":1,"134":1,"135":1,"136":1,"137":1,"138":1,"139":1,"140":1,"141":1,"142":1,"143":1,"144":1,"145":1,"146":1,"147":1,"148":1,"149":1,"150":1,"151":1,"152":1,"153":1,"154":1,"155":1,"156":1,"157":1,"158":1,"159":1,"160":1,"161":1,"162":1,"163":1,"164":1,"165":1,"166":1,"167":1,"168":1,"169":1,"170":1,"171":1,"172":1,"173":1,"174":1,"175":1,"176":1,"177":1,"178":1,"179":1,"180":1,"181":1,"182":1,"183":1,"184":1,"185":1,"186":1,"187":1,"188":1,"189":1,"190":1,"191":1,"192":1,"193":1,"194":1,"195":1,"196":1,"197":1,"198":1,"199":1,"200":1,"201":1,"202":1,"203":1,"204":1,"205":1,"206":1,"207":1,"208":1,"209":1,"210":1,"211":1,"212":1,"213":1,"214":1,"215":1,"216":1,"217":1,"218":1,"219":1,"220":1,"221":1,"222":1,"223":1,"224":1,"225":1,"226":1,"227":1,"228":1,"229":1,"230":1,"231":1,"232":1,"233":1,"234":1,"235":1,"236":1,"237":1,"238":1,"239":1,"240":1,"241":1,"242":1,"243":1,"244":1,"245":1,"246":1,"247":1,"248":1,"249":1,"250":1,"251":1,"252":1,"253":1,"254":1,"255":1,"256":1,"257":1,"258":1,"259":1,"260":1,"261":1,"262":1,"263":1,"264":1,"265":1,"266":1,"267":1,"268":1,"269":1,"270":1,"271":1,"272":1,"273":1,"274":1,"275":1,"276":1,"277":1,"278":1,"279":1,"280":1,"281":1,"282":1,"283":1,"284":1,"285":1,"286":1,"287":1,"288":1,"289":1,"290":1,"291":1,"292":1,"293":1,"294":1,"295":1,"296":1,"297":1,"298":1,"299":1,"300":1,"301":1,"302":1,"303":1,"304":1,"305":1,"306":1,"307":1,"308":1,"309":1,"310":1,"311":1,"312":1,"313":1,"314":1,"315":1,"316":1,"317":1,"318":1,"319":1,"320":1,"321":1,"322":1,"323":1,"324":1,"325":1,"326":1,"327":1,"328":1,"329":1,"330":1,"331":1,"332":1,"333":1,"334":1,"335":1,"336":1,"337":1,"338":1,"339":1,"340":1,"341":1,"342":1},"branchMap":{},"b":{},"fnMap":{},"f":{}}
}
